0.9.0 HEAD-73715ee96f39b2a94cf6569f50b4fa00e6687c83 2022-07-31_01:33:10AM
time="2022-11-22T11:42:27Z" level=info msg="Found POSTGRES_USER in environ, overrides command line with postgres" File=flash-discovery/flash-discovery.go Line=170
time="2022-11-22T11:42:27Z" level=info msg="Found POSTGRES_PASSWORD in environ, overrides command line postgres" File=flash-discovery/flash-discovery.go Line=173
time="2022-11-22T11:42:27Z" level=info msg="Found POSTGRES_DB in environ, overrides command line with postgres" File=flash-discovery/flash-discovery.go Line=177
time="2022-11-22T11:42:27Z" level=info msg="Found POSTGRES_HOST in environ, overrides command line with postgres" File=flash-discovery/flash-discovery.go Line=181
time="2022-11-22T11:42:27Z" level=info msg="Found POSTGRES_PORT in environ, overrides command line with 5432" File=flash-discovery/flash-discovery.go Line=185
time="2022-11-22T11:42:27Z" level=info msg="Initializing postgres client" File=flash-discovery/vendor/bitbucket.org Line=62
time="2022-11-22T11:42:27Z" level=info msg="Starting initDb" File=flash-discovery/vendor/bitbucket.org Line=72
time="2022-11-22T11:42:27Z" level=info msg="Retrying initDb" File=flash-discovery/vendor/bitbucket.org Line=74
time="2022-11-22T11:42:27Z" level=info msg="Found POSTGRES_USER in environ, overrides command line with postgres" File=flash-discovery/vendor/bitbucket.org Line=118
time="2022-11-22T11:42:27Z" level=info msg="Found POSTGRES_PASSWORD in environ, overrides command line" File=flash-discovery/vendor/bitbucket.org Line=122
time="2022-11-22T11:42:27Z" level=info msg="Found POSTGRES_DB in environ, overrides command line with postgres" File=flash-discovery/vendor/bitbucket.org Line=126
time="2022-11-22T11:42:27Z" level=info msg="Found POSTGRES_HOST in environ, overrides command line with postgres" File=flash-discovery/vendor/bitbucket.org Line=130
time="2022-11-22T11:42:27Z" level=info msg="Found POSTGRES_PORT in environ, overrides command line with 5432" File=flash-discovery/vendor/bitbucket.org Line=134
time="2022-11-22T11:42:27Z" level=info msg="pg maxIdleConns:3" File=flash-discovery/vendor/bitbucket.org Line=137
time="2022-11-22T11:42:27Z" level=info msg="pg maxOpenConn:5" File=flash-discovery/vendor/bitbucket.org Line=138
time="2022-11-22T11:42:27Z" level=info msg="pg connMaxLifetime:0s" File=flash-discovery/vendor/bitbucket.org Line=139
time="2022-11-22T11:42:27Z" level=info msg="*****connected to postgres db*******" File=flash-discovery/vendor/bitbucket.org Line=157
time="2022-11-22T11:42:27Z" level=info msg="flash db exists:true" File=flash-discovery/vendor/bitbucket.org Line=214
time="2022-11-22T11:42:27Z" level=info msg="Connected to flash db" File=flash-discovery/vendor/bitbucket.org Line=191
time="2022-11-22T11:42:27Z" level=info msg="Success conecting to metadata store" File=flash-discovery/vendor/bitbucket.org Line=194
time="2022-11-22T11:42:27Z" level=info msg="OpenDiscoveryDb: Successfully connected to database." File=flash-discovery/flash-discovery-db.go Line=262
time="2022-11-22T11:42:27Z" level=info msg="Loading license" File=flash-discovery/flash-discovery.go Line=149
time="2022-11-22T11:42:27Z" level=info msg="License loaded: pro" File=flash-discovery/flash-discovery.go Line=127
time="2022-11-22T11:42:27Z" level=info msg="\n***********************************\nFlash License Configuration\n Real Time Streaming : true\n SYSLOG : true\n FLUENTDFORWARD : true\n  : true\n Number of buckets : 1\n  : false\n Number of flash pods : 20\n S3 Partitioning : true\n SYSLOG rate limit : -1\n RELP : true\n RELP rate limit : -1\n FLUENTDFORWARD rate limit : -1\n***********************************\n" File=flash-discovery/flash-discovery.go Line=128
time="2022-11-22T11:42:27Z" level=info msg="Starting healthcheck and readiness" File=flash-discovery/flash-discovery-healthcheck.go Line=54
time="2022-11-22T11:43:27Z" level=info msg="License loaded: pro" File=flash-discovery/flash-discovery.go Line=127
time="2022-11-22T11:43:27Z" level=info msg="\n***********************************\nFlash License Configuration\n Number of buckets : 1\n Number of flash pods : 20\n FLUENTDFORWARD : true\n S3 Partitioning : true\n SYSLOG : true\n SYSLOG rate limit : -1\n Real Time Streaming : true\n RELP : true\n  : true\n  : false\n RELP rate limit : -1\n FLUENTDFORWARD rate limit : -1\n***********************************\n" File=flash-discovery/flash-discovery.go Line=128
time="2022-11-22T11:44:27Z" level=info msg="License loaded: pro" File=flash-discovery/flash-discovery.go Line=127
time="2022-11-22T11:44:27Z" level=info msg="\n***********************************\nFlash License Configuration\n RELP rate limit : -1\n  : false\n Real Time Streaming : true\n SYSLOG : true\n FLUENTDFORWARD : true\n RELP : true\n SYSLOG rate limit : -1\n  : true\n Number of buckets : 1\n Number of flash pods : 20\n FLUENTDFORWARD rate limit : -1\n S3 Partitioning : true\n***********************************\n" File=flash-discovery/flash-discovery.go Line=128
time="2022-11-22T11:44:47Z" level=info msg="DELETE[ /flash1 /flash1 ]" File=flash-discovery/flash-discovery-http.go Line=416
time="2022-11-22T11:44:47Z" level=info msg="DiscoveryIdHandler: Discovery id: flash1, url: /flash1" File=flash-discovery/flash-discovery-http.go Line=214
time="2022-11-22T11:44:47Z" level=info msg="POST[ /flash1 /flash1 ]" File=flash-discovery/flash-discovery-http.go Line=416
time="2022-11-22T11:44:47Z" level=info msg="DiscoveryIdHandler: Discovery id: flash1, url: /flash1" File=flash-discovery/flash-discovery-http.go Line=214
time="2022-11-22T11:44:47Z" level=info msg="Received discovery request" CpuCount=1 DiscoId=flash1 File=flash-discovery/flash-discovery-http.go Line=259 Nodes=logiq-flash-0.logiq-flash-headless Type=0 addr=logiq-flash-0.logiq-flash-headless
time="2022-11-22T11:44:47Z" level=info msg="Allowed flash pods:20" File=flash-discovery/flash-discovery.go Line=69
time="2022-11-22T11:44:47Z" level=info msg="Allowed vcpus per flash pods:4 - NOT USED" File=flash-discovery/flash-discovery.go Line=70
time="2022-11-22T11:44:47Z" level=info msg="A node is registering:logiq-flash-0.logiq-flash-headless" File=flash-discovery/flash-discovery.go Line=71
time="2022-11-22T11:44:47Z" level=info msg="A new node is registering:logiq-flash-0.logiq-flash-headless" File=flash-discovery/flash-discovery.go Line=77 allowedTotalPods=true numFlashPods=20 registeredNodes=0
time="2022-11-22T11:44:47Z" level=info msg="A new node is registering:logiq-flash-0.logiq-flash-headless" File=flash-discovery/flash-discovery.go Line=92 allowedCpuCount=true allowedTotalPods=true
time="2022-11-22T11:44:47Z" level=info msg="DiscoveryIdHandler: Discovery id: flash1, url: /flash1: StatusOK" File=flash-discovery/flash-discovery-http.go Line=318
time="2022-11-22T11:45:08Z" level=info msg="DELETE[ /flash1 /flash1 ]" File=flash-discovery/flash-discovery-http.go Line=416
time="2022-11-22T11:45:08Z" level=info msg="DiscoveryIdHandler: Discovery id: flash1, url: /flash1" File=flash-discovery/flash-discovery-http.go Line=214
time="2022-11-22T11:45:27Z" level=info msg="License loaded: pro" File=flash-discovery/flash-discovery.go Line=127
time="2022-11-22T11:45:27Z" level=info msg="\n***********************************\nFlash License Configuration\n  : true\n RELP rate limit : -1\n FLUENTDFORWARD : true\n SYSLOG rate limit : -1\n  : false\n Number of buckets : 1\n Number of flash pods : 20\n SYSLOG : true\n FLUENTDFORWARD rate limit : -1\n Real Time Streaming : true\n RELP : true\n S3 Partitioning : true\n***********************************\n" File=flash-discovery/flash-discovery.go Line=128
time="2022-11-22T11:45:51Z" level=info msg="DELETE[ /flash1 /flash1 ]" File=flash-discovery/flash-discovery-http.go Line=416
time="2022-11-22T11:45:51Z" level=info msg="DiscoveryIdHandler: Discovery id: flash1, url: /flash1" File=flash-discovery/flash-discovery-http.go Line=214
time="2022-11-22T11:45:51Z" level=info msg="POST[ /flash1 /flash1 ]" File=flash-discovery/flash-discovery-http.go Line=416
time="2022-11-22T11:45:51Z" level=info msg="DiscoveryIdHandler: Discovery id: flash1, url: /flash1" File=flash-discovery/flash-discovery-http.go Line=214
time="2022-11-22T11:45:51Z" level=info msg="Received discovery request" CpuCount=1 DiscoId=flash1 File=flash-discovery/flash-discovery-http.go Line=259 Nodes=logiq-flash-0.logiq-flash-headless Type=0 addr=logiq-flash-0.logiq-flash-headless
time="2022-11-22T11:45:51Z" level=info msg="Allowed flash pods:20" File=flash-discovery/flash-discovery.go Line=69
time="2022-11-22T11:45:51Z" level=info msg="Allowed vcpus per flash pods:4 - NOT USED" File=flash-discovery/flash-discovery.go Line=70
time="2022-11-22T11:45:51Z" level=info msg="A node is registering:logiq-flash-0.logiq-flash-headless" File=flash-discovery/flash-discovery.go Line=71
time="2022-11-22T11:45:51Z" level=info msg="A new node is registering:logiq-flash-0.logiq-flash-headless" File=flash-discovery/flash-discovery.go Line=77 allowedTotalPods=true numFlashPods=20 registeredNodes=0
time="2022-11-22T11:45:51Z" level=info msg="A new node is registering:logiq-flash-0.logiq-flash-headless" File=flash-discovery/flash-discovery.go Line=92 allowedCpuCount=true allowedTotalPods=true
time="2022-11-22T11:45:51Z" level=info msg="DiscoveryIdHandler: Discovery id: flash1, url: /flash1: StatusOK" File=flash-discovery/flash-discovery-http.go Line=318
time="2022-11-22T11:46:28Z" level=info msg="License loaded: pro" File=flash-discovery/flash-discovery.go Line=127
time="2022-11-22T11:46:28Z" level=info msg="\n***********************************\nFlash License Configuration\n Number of flash pods : 20\n Number of buckets : 1\n SYSLOG rate limit : -1\n FLUENTDFORWARD rate limit : -1\n  : true\n FLUENTDFORWARD : true\n  : false\n SYSLOG : true\n Real Time Streaming : true\n RELP : true\n RELP rate limit : -1\n S3 Partitioning : true\n***********************************\n" File=flash-discovery/flash-discovery.go Line=128
time="2022-11-22T11:47:28Z" level=info msg="License loaded: pro" File=flash-discovery/flash-discovery.go Line=127
time="2022-11-22T11:47:28Z" level=info msg="\n***********************************\nFlash License Configuration\n S3 Partitioning : true\n SYSLOG : true\n SYSLOG rate limit : -1\n Number of flash pods : 20\n Real Time Streaming : true\n Number of buckets : 1\n FLUENTDFORWARD : true\n RELP : true\n RELP rate limit : -1\n  : true\n FLUENTDFORWARD rate limit : -1\n  : false\n***********************************\n" File=flash-discovery/flash-discovery.go Line=128
time="2022-11-22T11:48:28Z" level=info msg="License loaded: pro" File=flash-discovery/flash-discovery.go Line=127
time="2022-11-22T11:48:28Z" level=info msg="\n***********************************\nFlash License Configuration\n RELP : true\n FLUENTDFORWARD : true\n Number of flash pods : 20\n S3 Partitioning : true\n SYSLOG rate limit : -1\n FLUENTDFORWARD rate limit : -1\n Real Time Streaming : true\n RELP rate limit : -1\n  : true\n  : false\n Number of buckets : 1\n SYSLOG : true\n***********************************\n" File=flash-discovery/flash-discovery.go Line=128
time="2022-11-22T11:49:28Z" level=info msg="License loaded: pro" File=flash-discovery/flash-discovery.go Line=127
time="2022-11-22T11:49:28Z" level=info msg="\n***********************************\nFlash License Configuration\n FLUENTDFORWARD rate limit : -1\n  : true\n Number of buckets : 1\n  : false\n RELP : true\n SYSLOG rate limit : -1\n FLUENTDFORWARD : true\n Number of flash pods : 20\n Real Time Streaming : true\n SYSLOG : true\n RELP rate limit : -1\n S3 Partitioning : true\n***********************************\n" File=flash-discovery/flash-discovery.go Line=128
time="2022-11-22T11:50:28Z" level=info msg="License loaded: pro" File=flash-discovery/flash-discovery.go Line=127
time="2022-11-22T11:50:28Z" level=info msg="\n***********************************\nFlash License Configuration\n  : true\n Number of buckets : 1\n RELP rate limit : -1\n S3 Partitioning : true\n SYSLOG : true\n RELP : true\n SYSLOG rate limit : -1\n FLUENTDFORWARD rate limit : -1\n  : false\n Number of flash pods : 20\n FLUENTDFORWARD : true\n Real Time Streaming : true\n***********************************\n" File=flash-discovery/flash-discovery.go Line=128
time="2022-11-22T11:51:27Z" level=info msg="License loaded: pro" File=flash-discovery/flash-discovery.go Line=127
time="2022-11-22T11:51:27Z" level=info msg="\n***********************************\nFlash License Configuration\n RELP rate limit : -1\n SYSLOG : true\n Number of buckets : 1\n Real Time Streaming : true\n Number of flash pods : 20\n RELP : true\n S3 Partitioning : true\n FLUENTDFORWARD rate limit : -1\n  : false\n SYSLOG rate limit : -1\n FLUENTDFORWARD : true\n  : true\n***********************************\n" File=flash-discovery/flash-discovery.go Line=128
time="2022-11-22T11:51:28Z" level=info msg="DELETE[ /flash1 /flash1 ]" File=flash-discovery/flash-discovery-http.go Line=416
time="2022-11-22T11:51:28Z" level=info msg="DiscoveryIdHandler: Discovery id: flash1, url: /flash1" File=flash-discovery/flash-discovery-http.go Line=214
time="2022-11-22T11:51:39Z" level=info msg="DELETE[ /flash1 /flash1 ]" File=flash-discovery/flash-discovery-http.go Line=416
time="2022-11-22T11:51:39Z" level=info msg="DiscoveryIdHandler: Discovery id: flash1, url: /flash1" File=flash-discovery/flash-discovery-http.go Line=214
time="2022-11-22T11:51:39Z" level=info msg="POST[ /flash1 /flash1 ]" File=flash-discovery/flash-discovery-http.go Line=416
time="2022-11-22T11:51:39Z" level=info msg="DiscoveryIdHandler: Discovery id: flash1, url: /flash1" File=flash-discovery/flash-discovery-http.go Line=214
time="2022-11-22T11:51:39Z" level=info msg="Received discovery request" CpuCount=1 DiscoId=flash1 File=flash-discovery/flash-discovery-http.go Line=259 Nodes=logiq-flash-0.logiq-flash-headless Type=0 addr=logiq-flash-0.logiq-flash-headless
time="2022-11-22T11:51:39Z" level=info msg="Allowed flash pods:20" File=flash-discovery/flash-discovery.go Line=69
time="2022-11-22T11:51:39Z" level=info msg="Allowed vcpus per flash pods:4 - NOT USED" File=flash-discovery/flash-discovery.go Line=70
time="2022-11-22T11:51:39Z" level=info msg="A node is registering:logiq-flash-0.logiq-flash-headless" File=flash-discovery/flash-discovery.go Line=71
time="2022-11-22T11:51:39Z" level=info msg="A new node is registering:logiq-flash-0.logiq-flash-headless" File=flash-discovery/flash-discovery.go Line=77 allowedTotalPods=true numFlashPods=20 registeredNodes=0
time="2022-11-22T11:51:39Z" level=info msg="A new node is registering:logiq-flash-0.logiq-flash-headless" File=flash-discovery/flash-discovery.go Line=92 allowedCpuCount=true allowedTotalPods=true
time="2022-11-22T11:51:39Z" level=info msg="DiscoveryIdHandler: Discovery id: flash1, url: /flash1: StatusOK" File=flash-discovery/flash-discovery-http.go Line=318
time="2022-11-22T11:52:27Z" level=info msg="License loaded: pro" File=flash-discovery/flash-discovery.go Line=127
time="2022-11-22T11:52:27Z" level=info msg="\n***********************************\nFlash License Configuration\n FLUENTDFORWARD rate limit : -1\n  : true\n Number of flash pods : 20\n Number of buckets : 1\n S3 Partitioning : true\n SYSLOG : true\n SYSLOG rate limit : -1\n FLUENTDFORWARD : true\n  : false\n Real Time Streaming : true\n RELP : true\n RELP rate limit : -1\n***********************************\n" File=flash-discovery/flash-discovery.go Line=128
time="2022-11-22T11:53:27Z" level=info msg="License loaded: pro" File=flash-discovery/flash-discovery.go Line=127
time="2022-11-22T11:53:27Z" level=info msg="\n***********************************\nFlash License Configuration\n FLUENTDFORWARD : true\n  : false\n Number of flash pods : 20\n  : true\n Number of buckets : 1\n Real Time Streaming : true\n RELP : true\n SYSLOG : true\n S3 Partitioning : true\n SYSLOG rate limit : -1\n RELP rate limit : -1\n FLUENTDFORWARD rate limit : -1\n***********************************\n" File=flash-discovery/flash-discovery.go Line=128
time="2022-11-22T11:54:27Z" level=info msg="License loaded: pro" File=flash-discovery/flash-discovery.go Line=127
time="2022-11-22T11:54:27Z" level=info msg="\n***********************************\nFlash License Configuration\n S3 Partitioning : true\n  : true\n Number of buckets : 1\n Real Time Streaming : true\n RELP rate limit : -1\n RELP : true\n FLUENTDFORWARD : true\n  : false\n Number of flash pods : 20\n SYSLOG rate limit : -1\n SYSLOG : true\n FLUENTDFORWARD rate limit : -1\n***********************************\n" File=flash-discovery/flash-discovery.go Line=128
time="2022-11-22T11:55:28Z" level=info msg="License loaded: pro" File=flash-discovery/flash-discovery.go Line=127
time="2022-11-22T11:55:28Z" level=info msg="\n***********************************\nFlash License Configuration\n FLUENTDFORWARD rate limit : -1\n Number of flash pods : 20\n FLUENTDFORWARD : true\n  : false\n Number of buckets : 1\n RELP : true\n  : true\n Real Time Streaming : true\n RELP rate limit : -1\n SYSLOG rate limit : -1\n S3 Partitioning : true\n SYSLOG : true\n***********************************\n" File=flash-discovery/flash-discovery.go Line=128
time="2022-11-22T11:56:27Z" level=info msg="License loaded: pro" File=flash-discovery/flash-discovery.go Line=127
time="2022-11-22T11:56:27Z" level=info msg="\n***********************************\nFlash License Configuration\n FLUENTDFORWARD rate limit : -1\n Number of buckets : 1\n SYSLOG rate limit : -1\n FLUENTDFORWARD : true\n  : true\n  : false\n Number of flash pods : 20\n RELP rate limit : -1\n S3 Partitioning : true\n SYSLOG : true\n Real Time Streaming : true\n RELP : true\n***********************************\n" File=flash-discovery/flash-discovery.go Line=128
time="2022-11-22T11:57:28Z" level=info msg="License loaded: pro" File=flash-discovery/flash-discovery.go Line=127
time="2022-11-22T11:57:28Z" level=info msg="\n***********************************\nFlash License Configuration\n FLUENTDFORWARD : true\n FLUENTDFORWARD rate limit : -1\n RELP rate limit : -1\n Real Time Streaming : true\n RELP : true\n  : true\n  : false\n Number of flash pods : 20\n SYSLOG : true\n Number of buckets : 1\n S3 Partitioning : true\n SYSLOG rate limit : -1\n***********************************\n" File=flash-discovery/flash-discovery.go Line=128
time="2022-11-22T11:58:28Z" level=info msg="License loaded: pro" File=flash-discovery/flash-discovery.go Line=127
time="2022-11-22T11:58:28Z" level=info msg="\n***********************************\nFlash License Configuration\n SYSLOG rate limit : -1\n Real Time Streaming : true\n RELP rate limit : -1\n SYSLOG : true\n  : true\n Number of buckets : 1\n RELP : true\n S3 Partitioning : true\n  : false\n FLUENTDFORWARD : true\n FLUENTDFORWARD rate limit : -1\n Number of flash pods : 20\n***********************************\n" File=flash-discovery/flash-discovery.go Line=128
time="2022-11-22T11:59:28Z" level=info msg="License loaded: pro" File=flash-discovery/flash-discovery.go Line=127
time="2022-11-22T11:59:28Z" level=info msg="\n***********************************\nFlash License Configuration\n Number of buckets : 1\n Real Time Streaming : true\n FLUENTDFORWARD : true\n  : true\n  : false\n Number of flash pods : 20\n RELP rate limit : -1\n SYSLOG : true\n S3 Partitioning : true\n SYSLOG rate limit : -1\n RELP : true\n FLUENTDFORWARD rate limit : -1\n***********************************\n" File=flash-discovery/flash-discovery.go Line=128
time="2022-11-22T12:00:28Z" level=info msg="License loaded: pro" File=flash-discovery/flash-discovery.go Line=127
time="2022-11-22T12:00:28Z" level=info msg="\n***********************************\nFlash License Configuration\n Real Time Streaming : true\n RELP : true\n FLUENTDFORWARD : true\n RELP rate limit : -1\n SYSLOG rate limit : -1\n FLUENTDFORWARD rate limit : -1\n  : false\n Number of buckets : 1\n Number of flash pods : 20\n  : true\n S3 Partitioning : true\n SYSLOG : true\n***********************************\n" File=flash-discovery/flash-discovery.go Line=128
time="2022-11-22T12:01:27Z" level=info msg="License loaded: pro" File=flash-discovery/flash-discovery.go Line=127
time="2022-11-22T12:01:27Z" level=info msg="\n***********************************\nFlash License Configuration\n FLUENTDFORWARD rate limit : -1\n RELP : true\n S3 Partitioning : true\n  : false\n Number of buckets : 1\n RELP rate limit : -1\n SYSLOG : true\n FLUENTDFORWARD : true\n  : true\n Number of flash pods : 20\n Real Time Streaming : true\n SYSLOG rate limit : -1\n***********************************\n" File=flash-discovery/flash-discovery.go Line=128
time="2022-11-22T12:02:27Z" level=info msg="License loaded: pro" File=flash-discovery/flash-discovery.go Line=127
time="2022-11-22T12:02:27Z" level=info msg="\n***********************************\nFlash License Configuration\n RELP rate limit : -1\n SYSLOG : true\n SYSLOG rate limit : -1\n FLUENTDFORWARD : true\n  : true\n Number of flash pods : 20\n S3 Partitioning : true\n FLUENTDFORWARD rate limit : -1\n Real Time Streaming : true\n  : false\n Number of buckets : 1\n RELP : true\n***********************************\n" File=flash-discovery/flash-discovery.go Line=128
time="2022-11-22T12:03:28Z" level=info msg="License loaded: pro" File=flash-discovery/flash-discovery.go Line=127
time="2022-11-22T12:03:28Z" level=info msg="\n***********************************\nFlash License Configuration\n Real Time Streaming : true\n RELP rate limit : -1\n SYSLOG : true\n FLUENTDFORWARD : true\n Number of flash pods : 20\n RELP : true\n S3 Partitioning : true\n  : true\n Number of buckets : 1\n  : false\n SYSLOG rate limit : -1\n FLUENTDFORWARD rate limit : -1\n***********************************\n" File=flash-discovery/flash-discovery.go Line=128
time="2022-11-22T12:04:27Z" level=info msg="License loaded: pro" File=flash-discovery/flash-discovery.go Line=127
time="2022-11-22T12:04:27Z" level=info msg="\n***********************************\nFlash License Configuration\n S3 Partitioning : true\n SYSLOG rate limit : -1\n FLUENTDFORWARD rate limit : -1\n  : true\n Number of flash pods : 20\n Number of buckets : 1\n RELP rate limit : -1\n FLUENTDFORWARD : true\n Real Time Streaming : true\n  : false\n RELP : true\n SYSLOG : true\n***********************************\n" File=flash-discovery/flash-discovery.go Line=128
time="2022-11-22T12:05:28Z" level=info msg="License loaded: pro" File=flash-discovery/flash-discovery.go Line=127
time="2022-11-22T12:05:28Z" level=info msg="\n***********************************\nFlash License Configuration\n RELP : true\n SYSLOG rate limit : -1\n  : false\n FLUENTDFORWARD : true\n  : true\n Real Time Streaming : true\n FLUENTDFORWARD rate limit : -1\n Number of flash pods : 20\n Number of buckets : 1\n RELP rate limit : -1\n S3 Partitioning : true\n SYSLOG : true\n***********************************\n" File=flash-discovery/flash-discovery.go Line=128
time="2022-11-22T12:06:28Z" level=info msg="License loaded: pro" File=flash-discovery/flash-discovery.go Line=127
time="2022-11-22T12:06:28Z" level=info msg="\n***********************************\nFlash License Configuration\n Real Time Streaming : true\n SYSLOG : true\n SYSLOG rate limit : -1\n FLUENTDFORWARD rate limit : -1\n Number of buckets : 1\n RELP : true\n  : true\n FLUENTDFORWARD : true\n  : false\n Number of flash pods : 20\n RELP rate limit : -1\n S3 Partitioning : true\n***********************************\n" File=flash-discovery/flash-discovery.go Line=128
time="2022-11-22T12:07:27Z" level=info msg="License loaded: pro" File=flash-discovery/flash-discovery.go Line=127
time="2022-11-22T12:07:27Z" level=info msg="\n***********************************\nFlash License Configuration\n RELP rate limit : -1\n FLUENTDFORWARD rate limit : -1\n RELP : true\n S3 Partitioning : true\n SYSLOG rate limit : -1\n Number of buckets : 1\n Number of flash pods : 20\n FLUENTDFORWARD : true\n SYSLOG : true\n Real Time Streaming : true\n  : true\n  : false\n***********************************\n" File=flash-discovery/flash-discovery.go Line=128
time="2022-11-22T12:08:27Z" level=info msg="License loaded: pro" File=flash-discovery/flash-discovery.go Line=127
time="2022-11-22T12:08:27Z" level=info msg="\n***********************************\nFlash License Configuration\n  : false\n Number of buckets : 1\n RELP rate limit : -1\n RELP : true\n SYSLOG : true\n S3 Partitioning : true\n SYSLOG rate limit : -1\n  : true\n Real Time Streaming : true\n FLUENTDFORWARD rate limit : -1\n FLUENTDFORWARD : true\n Number of flash pods : 20\n***********************************\n" File=flash-discovery/flash-discovery.go Line=128
time="2022-11-22T12:09:27Z" level=info msg="License loaded: pro" File=flash-discovery/flash-discovery.go Line=127
time="2022-11-22T12:09:27Z" level=info msg="\n***********************************\nFlash License Configuration\n FLUENTDFORWARD : true\n RELP rate limit : -1\n S3 Partitioning : true\n SYSLOG rate limit : -1\n  : false\n Number of flash pods : 20\n Real Time Streaming : true\n RELP : true\n  : true\n SYSLOG : true\n FLUENTDFORWARD rate limit : -1\n Number of buckets : 1\n***********************************\n" File=flash-discovery/flash-discovery.go Line=128
time="2022-11-22T12:10:27Z" level=info msg="License loaded: pro" File=flash-discovery/flash-discovery.go Line=127
time="2022-11-22T12:10:27Z" level=info msg="\n***********************************\nFlash License Configuration\n RELP : true\n RELP rate limit : -1\n FLUENTDFORWARD : true\n SYSLOG : true\n FLUENTDFORWARD rate limit : -1\n Real Time Streaming : true\n S3 Partitioning : true\n SYSLOG rate limit : -1\n  : true\n  : false\n Number of flash pods : 20\n Number of buckets : 1\n***********************************\n" File=flash-discovery/flash-discovery.go Line=128
time="2022-11-22T12:11:27Z" level=info msg="License loaded: pro" File=flash-discovery/flash-discovery.go Line=127
time="2022-11-22T12:11:28Z" level=info msg="\n***********************************\nFlash License Configuration\n Number of flash pods : 20\n Real Time Streaming : true\n RELP : true\n Number of buckets : 1\n  : true\n SYSLOG : true\n RELP rate limit : -1\n S3 Partitioning : true\n SYSLOG rate limit : -1\n FLUENTDFORWARD rate limit : -1\n  : false\n FLUENTDFORWARD : true\n***********************************\n" File=flash-discovery/flash-discovery.go Line=128
time="2022-11-22T12:12:28Z" level=info msg="License loaded: pro" File=flash-discovery/flash-discovery.go Line=127
time="2022-11-22T12:12:28Z" level=info msg="\n***********************************\nFlash License Configuration\n FLUENTDFORWARD : true\n Number of flash pods : 20\n Real Time Streaming : true\n SYSLOG : true\n  : false\n Number of buckets : 1\n FLUENTDFORWARD rate limit : -1\n RELP rate limit : -1\n S3 Partitioning : true\n SYSLOG rate limit : -1\n  : true\n RELP : true\n***********************************\n" File=flash-discovery/flash-discovery.go Line=128
time="2022-11-22T12:13:28Z" level=info msg="License loaded: pro" File=flash-discovery/flash-discovery.go Line=127
time="2022-11-22T12:13:28Z" level=info msg="\n***********************************\nFlash License Configuration\n  : false\n Real Time Streaming : true\n RELP : true\n RELP rate limit : -1\n FLUENTDFORWARD : true\n Number of flash pods : 20\n S3 Partitioning : true\n  : true\n FLUENTDFORWARD rate limit : -1\n SYSLOG : true\n SYSLOG rate limit : -1\n Number of buckets : 1\n***********************************\n" File=flash-discovery/flash-discovery.go Line=128
time="2022-11-22T12:14:28Z" level=info msg="License loaded: pro" File=flash-discovery/flash-discovery.go Line=127
time="2022-11-22T12:14:28Z" level=info msg="\n***********************************\nFlash License Configuration\n Real Time Streaming : true\n SYSLOG : true\n RELP : true\n RELP rate limit : -1\n FLUENTDFORWARD rate limit : -1\n  : true\n Number of flash pods : 20\n SYSLOG rate limit : -1\n  : false\n Number of buckets : 1\n S3 Partitioning : true\n FLUENTDFORWARD : true\n***********************************\n" File=flash-discovery/flash-discovery.go Line=128
time="2022-11-22T12:15:28Z" level=info msg="License loaded: pro" File=flash-discovery/flash-discovery.go Line=127
time="2022-11-22T12:15:28Z" level=info msg="\n***********************************\nFlash License Configuration\n RELP : true\n SYSLOG : true\n Real Time Streaming : true\n Number of buckets : 1\n SYSLOG rate limit : -1\n  : true\n RELP rate limit : -1\n Number of flash pods : 20\n FLUENTDFORWARD : true\n FLUENTDFORWARD rate limit : -1\n  : false\n S3 Partitioning : true\n***********************************\n" File=flash-discovery/flash-discovery.go Line=128
time="2022-11-22T12:16:27Z" level=info msg="License loaded: pro" File=flash-discovery/flash-discovery.go Line=127
time="2022-11-22T12:16:27Z" level=info msg="\n***********************************\nFlash License Configuration\n S3 Partitioning : true\n Number of flash pods : 20\n RELP rate limit : -1\n FLUENTDFORWARD : true\n SYSLOG rate limit : -1\n SYSLOG : true\n  : true\n Number of buckets : 1\n Real Time Streaming : true\n RELP : true\n FLUENTDFORWARD rate limit : -1\n  : false\n***********************************\n" File=flash-discovery/flash-discovery.go Line=128
time="2022-11-22T12:17:27Z" level=info msg="License loaded: pro" File=flash-discovery/flash-discovery.go Line=127
time="2022-11-22T12:17:27Z" level=info msg="\n***********************************\nFlash License Configuration\n FLUENTDFORWARD rate limit : -1\n  : false\n Number of buckets : 1\n Number of flash pods : 20\n RELP rate limit : -1\n RELP : true\n SYSLOG : true\n S3 Partitioning : true\n SYSLOG rate limit : -1\n  : true\n Real Time Streaming : true\n FLUENTDFORWARD : true\n***********************************\n" File=flash-discovery/flash-discovery.go Line=128
time="2022-11-22T12:18:27Z" level=info msg="License loaded: pro" File=flash-discovery/flash-discovery.go Line=127
time="2022-11-22T12:18:27Z" level=info msg="\n***********************************\nFlash License Configuration\n  : false\n S3 Partitioning : true\n FLUENTDFORWARD : true\n Number of buckets : 1\n Real Time Streaming : true\n RELP : true\n SYSLOG rate limit : -1\n FLUENTDFORWARD rate limit : -1\n  : true\n RELP rate limit : -1\n SYSLOG : true\n Number of flash pods : 20\n***********************************\n" File=flash-discovery/flash-discovery.go Line=128
time="2022-11-22T12:19:28Z" level=info msg="License loaded: pro" File=flash-discovery/flash-discovery.go Line=127
time="2022-11-22T12:19:28Z" level=info msg="\n***********************************\nFlash License Configuration\n  : true\n Number of flash pods : 20\n Real Time Streaming : true\n RELP rate limit : -1\n SYSLOG : true\n SYSLOG rate limit : -1\n  : false\n S3 Partitioning : true\n RELP : true\n FLUENTDFORWARD rate limit : -1\n Number of buckets : 1\n FLUENTDFORWARD : true\n***********************************\n" File=flash-discovery/flash-discovery.go Line=128
time="2022-11-22T12:20:27Z" level=info msg="License loaded: pro" File=flash-discovery/flash-discovery.go Line=127
time="2022-11-22T12:20:27Z" level=info msg="\n***********************************\nFlash License Configuration\n FLUENTDFORWARD rate limit : -1\n S3 Partitioning : true\n  : false\n RELP : true\n SYSLOG : true\n RELP rate limit : -1\n  : true\n SYSLOG rate limit : -1\n FLUENTDFORWARD : true\n Number of buckets : 1\n Number of flash pods : 20\n Real Time Streaming : true\n***********************************\n" File=flash-discovery/flash-discovery.go Line=128
time="2022-11-22T12:21:28Z" level=info msg="License loaded: pro" File=flash-discovery/flash-discovery.go Line=127
time="2022-11-22T12:21:28Z" level=info msg="\n***********************************\nFlash License Configuration\n Number of buckets : 1\n Number of flash pods : 20\n FLUENTDFORWARD rate limit : -1\n RELP : true\n FLUENTDFORWARD : true\n  : true\n S3 Partitioning : true\n SYSLOG rate limit : -1\n SYSLOG : true\n  : false\n Real Time Streaming : true\n RELP rate limit : -1\n***********************************\n" File=flash-discovery/flash-discovery.go Line=128
time="2022-11-22T12:22:27Z" level=info msg="License loaded: pro" File=flash-discovery/flash-discovery.go Line=127
time="2022-11-22T12:22:27Z" level=info msg="\n***********************************\nFlash License Configuration\n FLUENTDFORWARD rate limit : -1\n  : false\n RELP rate limit : -1\n S3 Partitioning : true\n Real Time Streaming : true\n  : true\n Number of flash pods : 20\n RELP : true\n FLUENTDFORWARD : true\n SYSLOG : true\n SYSLOG rate limit : -1\n Number of buckets : 1\n***********************************\n" File=flash-discovery/flash-discovery.go Line=128
time="2022-11-22T12:23:27Z" level=info msg="License loaded: pro" File=flash-discovery/flash-discovery.go Line=127
time="2022-11-22T12:23:27Z" level=info msg="\n***********************************\nFlash License Configuration\n SYSLOG : true\n FLUENTDFORWARD : true\n FLUENTDFORWARD rate limit : -1\n Number of flash pods : 20\n  : false\n RELP : true\n S3 Partitioning : true\n SYSLOG rate limit : -1\n  : true\n Number of buckets : 1\n RELP rate limit : -1\n Real Time Streaming : true\n***********************************\n" File=flash-discovery/flash-discovery.go Line=128
time="2022-11-22T12:24:28Z" level=info msg="License loaded: pro" File=flash-discovery/flash-discovery.go Line=127
time="2022-11-22T12:24:28Z" level=info msg="\n***********************************\nFlash License Configuration\n SYSLOG rate limit : -1\n Real Time Streaming : true\n RELP rate limit : -1\n  : true\n SYSLOG : true\n  : false\n FLUENTDFORWARD rate limit : -1\n Number of flash pods : 20\n FLUENTDFORWARD : true\n Number of buckets : 1\n RELP : true\n S3 Partitioning : true\n***********************************\n" File=flash-discovery/flash-discovery.go Line=128
time="2022-11-22T12:25:27Z" level=info msg="License loaded: pro" File=flash-discovery/flash-discovery.go Line=127
time="2022-11-22T12:25:27Z" level=info msg="\n***********************************\nFlash License Configuration\n  : false\n Number of buckets : 1\n Number of flash pods : 20\n RELP : true\n S3 Partitioning : true\n FLUENTDFORWARD : true\n FLUENTDFORWARD rate limit : -1\n  : true\n RELP rate limit : -1\n SYSLOG : true\n SYSLOG rate limit : -1\n Real Time Streaming : true\n***********************************\n" File=flash-discovery/flash-discovery.go Line=128
time="2022-11-22T12:26:27Z" level=info msg="License loaded: pro" File=flash-discovery/flash-discovery.go Line=127
time="2022-11-22T12:26:27Z" level=info msg="\n***********************************\nFlash License Configuration\n FLUENTDFORWARD rate limit : -1\n  : true\n  : false\n SYSLOG rate limit : -1\n FLUENTDFORWARD : true\n RELP rate limit : -1\n S3 Partitioning : true\n SYSLOG : true\n Number of buckets : 1\n Number of flash pods : 20\n RELP : true\n Real Time Streaming : true\n***********************************\n" File=flash-discovery/flash-discovery.go Line=128
time="2022-11-22T12:27:28Z" level=info msg="License loaded: pro" File=flash-discovery/flash-discovery.go Line=127
time="2022-11-22T12:27:28Z" level=info msg="\n***********************************\nFlash License Configuration\n RELP : true\n FLUENTDFORWARD : true\n Number of buckets : 1\n Number of flash pods : 20\n SYSLOG : true\n RELP rate limit : -1\n S3 Partitioning : true\n FLUENTDFORWARD rate limit : -1\n  : true\n SYSLOG rate limit : -1\n  : false\n Real Time Streaming : true\n***********************************\n" File=flash-discovery/flash-discovery.go Line=128
time="2022-11-22T12:28:28Z" level=info msg="License loaded: pro" File=flash-discovery/flash-discovery.go Line=127
time="2022-11-22T12:28:28Z" level=info msg="\n***********************************\nFlash License Configuration\n RELP rate limit : -1\n FLUENTDFORWARD : true\n RELP : true\n S3 Partitioning : true\n  : false\n  : true\n Number of buckets : 1\n SYSLOG : true\n Real Time Streaming : true\n SYSLOG rate limit : -1\n Number of flash pods : 20\n FLUENTDFORWARD rate limit : -1\n***********************************\n" File=flash-discovery/flash-discovery.go Line=128
time="2022-11-22T12:29:28Z" level=info msg="License loaded: pro" File=flash-discovery/flash-discovery.go Line=127
time="2022-11-22T12:29:28Z" level=info msg="\n***********************************\nFlash License Configuration\n S3 Partitioning : true\n SYSLOG : true\n SYSLOG rate limit : -1\n FLUENTDFORWARD rate limit : -1\n  : false\n FLUENTDFORWARD : true\n Number of flash pods : 20\n Real Time Streaming : true\n RELP : true\n RELP rate limit : -1\n Number of buckets : 1\n  : true\n***********************************\n" File=flash-discovery/flash-discovery.go Line=128
time="2022-11-22T12:30:27Z" level=info msg="License loaded: pro" File=flash-discovery/flash-discovery.go Line=127
time="2022-11-22T12:30:27Z" level=info msg="\n***********************************\nFlash License Configuration\n RELP rate limit : -1\n S3 Partitioning : true\n SYSLOG rate limit : -1\n FLUENTDFORWARD : true\n Number of buckets : 1\n SYSLOG : true\n Number of flash pods : 20\n RELP : true\n  : false\n FLUENTDFORWARD rate limit : -1\n  : true\n Real Time Streaming : true\n***********************************\n" File=flash-discovery/flash-discovery.go Line=128
time="2022-11-22T12:31:27Z" level=info msg="License loaded: pro" File=flash-discovery/flash-discovery.go Line=127
time="2022-11-22T12:31:27Z" level=info msg="\n***********************************\nFlash License Configuration\n  : false\n Number of flash pods : 20\n RELP rate limit : -1\n S3 Partitioning : true\n SYSLOG : true\n FLUENTDFORWARD : true\n SYSLOG rate limit : -1\n FLUENTDFORWARD rate limit : -1\n Real Time Streaming : true\n RELP : true\n  : true\n Number of buckets : 1\n***********************************\n" File=flash-discovery/flash-discovery.go Line=128
time="2022-11-22T12:32:28Z" level=info msg="License loaded: pro" File=flash-discovery/flash-discovery.go Line=127
time="2022-11-22T12:32:28Z" level=info msg="\n***********************************\nFlash License Configuration\n Number of buckets : 1\n RELP : true\n SYSLOG rate limit : -1\n S3 Partitioning : true\n SYSLOG : true\n FLUENTDFORWARD : true\n FLUENTDFORWARD rate limit : -1\n  : false\n Number of flash pods : 20\n Real Time Streaming : true\n  : true\n RELP rate limit : -1\n***********************************\n" File=flash-discovery/flash-discovery.go Line=128
time="2022-11-22T12:33:27Z" level=info msg="License loaded: pro" File=flash-discovery/flash-discovery.go Line=127
time="2022-11-22T12:33:27Z" level=info msg="\n***********************************\nFlash License Configuration\n SYSLOG : true\n Real Time Streaming : true\n RELP rate limit : -1\n SYSLOG rate limit : -1\n S3 Partitioning : true\n FLUENTDFORWARD : true\n  : true\n  : false\n Number of flash pods : 20\n FLUENTDFORWARD rate limit : -1\n Number of buckets : 1\n RELP : true\n***********************************\n" File=flash-discovery/flash-discovery.go Line=128
time="2022-11-22T12:34:28Z" level=info msg="License loaded: pro" File=flash-discovery/flash-discovery.go Line=127
time="2022-11-22T12:34:28Z" level=info msg="\n***********************************\nFlash License Configuration\n S3 Partitioning : true\n SYSLOG : true\n FLUENTDFORWARD rate limit : -1\n SYSLOG rate limit : -1\n FLUENTDFORWARD : true\n RELP : true\n RELP rate limit : -1\n Number of buckets : 1\n Real Time Streaming : true\n  : true\n Number of flash pods : 20\n  : false\n***********************************\n" File=flash-discovery/flash-discovery.go Line=128
time="2022-11-22T12:35:28Z" level=info msg="License loaded: pro" File=flash-discovery/flash-discovery.go Line=127
time="2022-11-22T12:35:28Z" level=info msg="\n***********************************\nFlash License Configuration\n FLUENTDFORWARD : true\n Number of flash pods : 20\n  : true\n  : false\n Real Time Streaming : true\n RELP rate limit : -1\n FLUENTDFORWARD rate limit : -1\n RELP : true\n SYSLOG rate limit : -1\n Number of buckets : 1\n S3 Partitioning : true\n SYSLOG : true\n***********************************\n" File=flash-discovery/flash-discovery.go Line=128
time="2022-11-22T12:36:28Z" level=info msg="License loaded: pro" File=flash-discovery/flash-discovery.go Line=127
time="2022-11-22T12:36:28Z" level=info msg="\n***********************************\nFlash License Configuration\n Real Time Streaming : true\n RELP : true\n FLUENTDFORWARD rate limit : -1\n Number of buckets : 1\n SYSLOG rate limit : -1\n SYSLOG : true\n Number of flash pods : 20\n S3 Partitioning : true\n FLUENTDFORWARD : true\n RELP rate limit : -1\n  : true\n  : false\n***********************************\n" File=flash-discovery/flash-discovery.go Line=128
time="2022-11-22T12:37:28Z" level=info msg="License loaded: pro" File=flash-discovery/flash-discovery.go Line=127
time="2022-11-22T12:37:28Z" level=info msg="\n***********************************\nFlash License Configuration\n FLUENTDFORWARD rate limit : -1\n  : false\n RELP : true\n FLUENTDFORWARD : true\n SYSLOG : true\n SYSLOG rate limit : -1\n Number of flash pods : 20\n RELP rate limit : -1\n S3 Partitioning : true\n  : true\n Real Time Streaming : true\n Number of buckets : 1\n***********************************\n" File=flash-discovery/flash-discovery.go Line=128
time="2022-11-22T12:38:27Z" level=info msg="License loaded: pro" File=flash-discovery/flash-discovery.go Line=127
time="2022-11-22T12:38:27Z" level=info msg="\n***********************************\nFlash License Configuration\n FLUENTDFORWARD : true\n  : false\n Number of buckets : 1\n RELP : true\n SYSLOG rate limit : -1\n SYSLOG : true\n RELP rate limit : -1\n FLUENTDFORWARD rate limit : -1\n  : true\n Number of flash pods : 20\n Real Time Streaming : true\n S3 Partitioning : true\n***********************************\n" File=flash-discovery/flash-discovery.go Line=128
time="2022-11-22T12:39:28Z" level=info msg="License loaded: pro" File=flash-discovery/flash-discovery.go Line=127
time="2022-11-22T12:39:28Z" level=info msg="\n***********************************\nFlash License Configuration\n SYSLOG : true\n FLUENTDFORWARD rate limit : -1\n Number of buckets : 1\n FLUENTDFORWARD : true\n Real Time Streaming : true\n RELP : true\n  : false\n RELP rate limit : -1\n S3 Partitioning : true\n Number of flash pods : 20\n SYSLOG rate limit : -1\n  : true\n***********************************\n" File=flash-discovery/flash-discovery.go Line=128
time="2022-11-22T12:40:28Z" level=info msg="License loaded: pro" File=flash-discovery/flash-discovery.go Line=127
time="2022-11-22T12:40:28Z" level=info msg="\n***********************************\nFlash License Configuration\n FLUENTDFORWARD rate limit : -1\n Real Time Streaming : true\n  : false\n SYSLOG rate limit : -1\n S3 Partitioning : true\n SYSLOG : true\n RELP : true\n FLUENTDFORWARD : true\n  : true\n Number of buckets : 1\n Number of flash pods : 20\n RELP rate limit : -1\n***********************************\n" File=flash-discovery/flash-discovery.go Line=128
time="2022-11-22T12:41:27Z" level=info msg="License loaded: pro" File=flash-discovery/flash-discovery.go Line=127
time="2022-11-22T12:41:27Z" level=info msg="\n***********************************\nFlash License Configuration\n  : true\n Number of flash pods : 20\n S3 Partitioning : true\n  : false\n Number of buckets : 1\n SYSLOG : true\n RELP : true\n SYSLOG rate limit : -1\n FLUENTDFORWARD : true\n Real Time Streaming : true\n RELP rate limit : -1\n FLUENTDFORWARD rate limit : -1\n***********************************\n" File=flash-discovery/flash-discovery.go Line=128
time="2022-11-22T12:42:27Z" level=info msg="License loaded: pro" File=flash-discovery/flash-discovery.go Line=127
time="2022-11-22T12:42:27Z" level=info msg="\n***********************************\nFlash License Configuration\n  : true\n Number of flash pods : 20\n RELP : true\n S3 Partitioning : true\n SYSLOG : true\n SYSLOG rate limit : -1\n  : false\n FLUENTDFORWARD rate limit : -1\n Number of buckets : 1\n Real Time Streaming : true\n RELP rate limit : -1\n FLUENTDFORWARD : true\n***********************************\n" File=flash-discovery/flash-discovery.go Line=128
time="2022-11-22T12:43:27Z" level=info msg="License loaded: pro" File=flash-discovery/flash-discovery.go Line=127
time="2022-11-22T12:43:27Z" level=info msg="\n***********************************\nFlash License Configuration\n RELP rate limit : -1\n SYSLOG : true\n FLUENTDFORWARD rate limit : -1\n Real Time Streaming : true\n RELP : true\n Number of flash pods : 20\n FLUENTDFORWARD : true\n  : true\n SYSLOG rate limit : -1\n Number of buckets : 1\n S3 Partitioning : true\n  : false\n***********************************\n" File=flash-discovery/flash-discovery.go Line=128
time="2022-11-22T12:44:28Z" level=info msg="License loaded: pro" File=flash-discovery/flash-discovery.go Line=127
time="2022-11-22T12:44:28Z" level=info msg="\n***********************************\nFlash License Configuration\n Number of flash pods : 20\n  : false\n Number of buckets : 1\n  : true\n RELP : true\n SYSLOG rate limit : -1\n FLUENTDFORWARD : true\n FLUENTDFORWARD rate limit : -1\n RELP rate limit : -1\n S3 Partitioning : true\n SYSLOG : true\n Real Time Streaming : true\n***********************************\n" File=flash-discovery/flash-discovery.go Line=128
time="2022-11-22T12:45:28Z" level=info msg="License loaded: pro" File=flash-discovery/flash-discovery.go Line=127
time="2022-11-22T12:45:28Z" level=info msg="\n***********************************\nFlash License Configuration\n Number of buckets : 1\n SYSLOG : true\n S3 Partitioning : true\n FLUENTDFORWARD rate limit : -1\n  : true\n  : false\n Number of flash pods : 20\n RELP rate limit : -1\n FLUENTDFORWARD : true\n Real Time Streaming : true\n RELP : true\n SYSLOG rate limit : -1\n***********************************\n" File=flash-discovery/flash-discovery.go Line=128
time="2022-11-22T12:46:28Z" level=info msg="License loaded: pro" File=flash-discovery/flash-discovery.go Line=127
time="2022-11-22T12:46:28Z" level=info msg="\n***********************************\nFlash License Configuration\n Number of buckets : 1\n Real Time Streaming : true\n S3 Partitioning : true\n RELP : true\n RELP rate limit : -1\n FLUENTDFORWARD : true\n  : false\n SYSLOG : true\n Number of flash pods : 20\n SYSLOG rate limit : -1\n FLUENTDFORWARD rate limit : -1\n  : true\n***********************************\n" File=flash-discovery/flash-discovery.go Line=128
time="2022-11-22T12:47:27Z" level=info msg="License loaded: pro" File=flash-discovery/flash-discovery.go Line=127
time="2022-11-22T12:47:27Z" level=info msg="\n***********************************\nFlash License Configuration\n Number of buckets : 1\n Real Time Streaming : true\n SYSLOG rate limit : -1\n FLUENTDFORWARD : true\n FLUENTDFORWARD rate limit : -1\n RELP rate limit : -1\n  : false\n S3 Partitioning : true\n  : true\n RELP : true\n SYSLOG : true\n Number of flash pods : 20\n***********************************\n" File=flash-discovery/flash-discovery.go Line=128
time="2022-11-22T12:48:28Z" level=info msg="License loaded: pro" File=flash-discovery/flash-discovery.go Line=127
time="2022-11-22T12:48:28Z" level=info msg="\n***********************************\nFlash License Configuration\n Number of flash pods : 20\n RELP : true\n FLUENTDFORWARD : true\n SYSLOG rate limit : -1\n Number of buckets : 1\n Real Time Streaming : true\n S3 Partitioning : true\n FLUENTDFORWARD rate limit : -1\n  : true\n  : false\n RELP rate limit : -1\n SYSLOG : true\n***********************************\n" File=flash-discovery/flash-discovery.go Line=128
time="2022-11-22T12:49:28Z" level=info msg="License loaded: pro" File=flash-discovery/flash-discovery.go Line=127
time="2022-11-22T12:49:28Z" level=info msg="\n***********************************\nFlash License Configuration\n S3 Partitioning : true\n  : false\n Real Time Streaming : true\n SYSLOG : true\n Number of flash pods : 20\n RELP : true\n FLUENTDFORWARD : true\n FLUENTDFORWARD rate limit : -1\n Number of buckets : 1\n RELP rate limit : -1\n SYSLOG rate limit : -1\n  : true\n***********************************\n" File=flash-discovery/flash-discovery.go Line=128
time="2022-11-22T12:50:28Z" level=info msg="License loaded: pro" File=flash-discovery/flash-discovery.go Line=127
time="2022-11-22T12:50:28Z" level=info msg="\n***********************************\nFlash License Configuration\n FLUENTDFORWARD rate limit : -1\n  : false\n Real Time Streaming : true\n RELP : true\n S3 Partitioning : true\n FLUENTDFORWARD : true\n SYSLOG rate limit : -1\n Number of buckets : 1\n  : true\n Number of flash pods : 20\n RELP rate limit : -1\n SYSLOG : true\n***********************************\n" File=flash-discovery/flash-discovery.go Line=128
time="2022-11-22T12:51:28Z" level=info msg="License loaded: pro" File=flash-discovery/flash-discovery.go Line=127
time="2022-11-22T12:51:28Z" level=info msg="\n***********************************\nFlash License Configuration\n Number of buckets : 1\n S3 Partitioning : true\n FLUENTDFORWARD rate limit : -1\n  : true\n Number of flash pods : 20\n SYSLOG : true\n SYSLOG rate limit : -1\n FLUENTDFORWARD : true\n  : false\n Real Time Streaming : true\n RELP : true\n RELP rate limit : -1\n***********************************\n" File=flash-discovery/flash-discovery.go Line=128
time="2022-11-22T12:52:28Z" level=info msg="License loaded: pro" File=flash-discovery/flash-discovery.go Line=127
time="2022-11-22T12:52:28Z" level=info msg="\n***********************************\nFlash License Configuration\n S3 Partitioning : true\n SYSLOG : true\n  : true\n  : false\n FLUENTDFORWARD : true\n Number of buckets : 1\n SYSLOG rate limit : -1\n FLUENTDFORWARD rate limit : -1\n Real Time Streaming : true\n RELP rate limit : -1\n Number of flash pods : 20\n RELP : true\n***********************************\n" File=flash-discovery/flash-discovery.go Line=128
time="2022-11-22T12:53:28Z" level=info msg="License loaded: pro" File=flash-discovery/flash-discovery.go Line=127
time="2022-11-22T12:53:28Z" level=info msg="\n***********************************\nFlash License Configuration\n Number of flash pods : 20\n S3 Partitioning : true\n FLUENTDFORWARD : true\n SYSLOG : true\n Real Time Streaming : true\n RELP : true\n RELP rate limit : -1\n  : false\n Number of buckets : 1\n SYSLOG rate limit : -1\n FLUENTDFORWARD rate limit : -1\n  : true\n***********************************\n" File=flash-discovery/flash-discovery.go Line=128
time="2022-11-22T12:54:28Z" level=info msg="License loaded: pro" File=flash-discovery/flash-discovery.go Line=127
time="2022-11-22T12:54:28Z" level=info msg="\n***********************************\nFlash License Configuration\n Real Time Streaming : true\n RELP : true\n RELP rate limit : -1\n FLUENTDFORWARD rate limit : -1\n  : true\n Number of buckets : 1\n FLUENTDFORWARD : true\n S3 Partitioning : true\n SYSLOG rate limit : -1\n Number of flash pods : 20\n  : false\n SYSLOG : true\n***********************************\n" File=flash-discovery/flash-discovery.go Line=128
time="2022-11-22T12:55:28Z" level=info msg="License loaded: pro" File=flash-discovery/flash-discovery.go Line=127
time="2022-11-22T12:55:28Z" level=info msg="\n***********************************\nFlash License Configuration\n S3 Partitioning : true\n FLUENTDFORWARD rate limit : -1\n RELP rate limit : -1\n  : false\n Number of buckets : 1\n Number of flash pods : 20\n Real Time Streaming : true\n RELP : true\n FLUENTDFORWARD : true\n SYSLOG : true\n SYSLOG rate limit : -1\n  : true\n***********************************\n" File=flash-discovery/flash-discovery.go Line=128
time="2022-11-22T12:56:28Z" level=info msg="License loaded: pro" File=flash-discovery/flash-discovery.go Line=127
time="2022-11-22T12:56:28Z" level=info msg="\n***********************************\nFlash License Configuration\n  : true\n  : false\n RELP : true\n Number of buckets : 1\n RELP rate limit : -1\n SYSLOG : true\n FLUENTDFORWARD : true\n FLUENTDFORWARD rate limit : -1\n Number of flash pods : 20\n S3 Partitioning : true\n SYSLOG rate limit : -1\n Real Time Streaming : true\n***********************************\n" File=flash-discovery/flash-discovery.go Line=128
time="2022-11-22T12:57:28Z" level=info msg="License loaded: pro" File=flash-discovery/flash-discovery.go Line=127
time="2022-11-22T12:57:28Z" level=info msg="\n***********************************\nFlash License Configuration\n RELP rate limit : -1\n  : false\n Real Time Streaming : true\n S3 Partitioning : true\n  : true\n FLUENTDFORWARD rate limit : -1\n FLUENTDFORWARD : true\n Number of buckets : 1\n SYSLOG : true\n Number of flash pods : 20\n RELP : true\n SYSLOG rate limit : -1\n***********************************\n" File=flash-discovery/flash-discovery.go Line=128
time="2022-11-22T12:58:28Z" level=info msg="License loaded: pro" File=flash-discovery/flash-discovery.go Line=127
time="2022-11-22T12:58:28Z" level=info msg="\n***********************************\nFlash License Configuration\n Number of buckets : 1\n SYSLOG : true\n  : true\n FLUENTDFORWARD rate limit : -1\n S3 Partitioning : true\n FLUENTDFORWARD : true\n Number of flash pods : 20\n Real Time Streaming : true\n RELP rate limit : -1\n  : false\n RELP : true\n SYSLOG rate limit : -1\n***********************************\n" File=flash-discovery/flash-discovery.go Line=128
time="2022-11-22T12:59:28Z" level=info msg="License loaded: pro" File=flash-discovery/flash-discovery.go Line=127
time="2022-11-22T12:59:28Z" level=info msg="\n***********************************\nFlash License Configuration\n  : true\n Real Time Streaming : true\n Number of buckets : 1\n Number of flash pods : 20\n RELP : true\n RELP rate limit : -1\n S3 Partitioning : true\n SYSLOG : true\n FLUENTDFORWARD rate limit : -1\n  : false\n SYSLOG rate limit : -1\n FLUENTDFORWARD : true\n***********************************\n" File=flash-discovery/flash-discovery.go Line=128
time="2022-11-22T13:00:28Z" level=info msg="License loaded: pro" File=flash-discovery/flash-discovery.go Line=127
time="2022-11-22T13:00:28Z" level=info msg="\n***********************************\nFlash License Configuration\n Number of flash pods : 20\n SYSLOG : true\n SYSLOG rate limit : -1\n RELP : true\n S3 Partitioning : true\n FLUENTDFORWARD : true\n FLUENTDFORWARD rate limit : -1\n  : true\n  : false\n Number of buckets : 1\n Real Time Streaming : true\n RELP rate limit : -1\n***********************************\n" File=flash-discovery/flash-discovery.go Line=128
time="2022-11-22T13:01:28Z" level=info msg="License loaded: pro" File=flash-discovery/flash-discovery.go Line=127
time="2022-11-22T13:01:28Z" level=info msg="\n***********************************\nFlash License Configuration\n SYSLOG : true\n  : false\n Number of buckets : 1\n S3 Partitioning : true\n Number of flash pods : 20\n FLUENTDFORWARD rate limit : -1\n RELP : true\n SYSLOG rate limit : -1\n  : true\n Real Time Streaming : true\n RELP rate limit : -1\n FLUENTDFORWARD : true\n***********************************\n" File=flash-discovery/flash-discovery.go Line=128
time="2022-11-22T13:02:28Z" level=info msg="License loaded: pro" File=flash-discovery/flash-discovery.go Line=127
time="2022-11-22T13:02:28Z" level=info msg="\n***********************************\nFlash License Configuration\n  : false\n Number of buckets : 1\n RELP : true\n SYSLOG rate limit : -1\n RELP rate limit : -1\n S3 Partitioning : true\n SYSLOG : true\n FLUENTDFORWARD : true\n  : true\n Real Time Streaming : true\n Number of flash pods : 20\n FLUENTDFORWARD rate limit : -1\n***********************************\n" File=flash-discovery/flash-discovery.go Line=128
time="2022-11-22T13:03:28Z" level=info msg="License loaded: pro" File=flash-discovery/flash-discovery.go Line=127
time="2022-11-22T13:03:28Z" level=info msg="\n***********************************\nFlash License Configuration\n SYSLOG : true\n Number of flash pods : 20\n FLUENTDFORWARD : true\n Number of buckets : 1\n RELP rate limit : -1\n S3 Partitioning : true\n  : false\n Real Time Streaming : true\n RELP : true\n FLUENTDFORWARD rate limit : -1\n  : true\n SYSLOG rate limit : -1\n***********************************\n" File=flash-discovery/flash-discovery.go Line=128
time="2022-11-22T13:04:28Z" level=info msg="License loaded: pro" File=flash-discovery/flash-discovery.go Line=127
time="2022-11-22T13:04:28Z" level=info msg="\n***********************************\nFlash License Configuration\n  : true\n  : false\n Number of buckets : 1\n Real Time Streaming : true\n FLUENTDFORWARD : true\n Number of flash pods : 20\n RELP rate limit : -1\n S3 Partitioning : true\n FLUENTDFORWARD rate limit : -1\n RELP : true\n SYSLOG rate limit : -1\n SYSLOG : true\n***********************************\n" File=flash-discovery/flash-discovery.go Line=128
time="2022-11-22T13:05:28Z" level=info msg="License loaded: pro" File=flash-discovery/flash-discovery.go Line=127
time="2022-11-22T13:05:28Z" level=info msg="\n***********************************\nFlash License Configuration\n RELP : true\n Real Time Streaming : true\n  : false\n Number of flash pods : 20\n S3 Partitioning : true\n SYSLOG rate limit : -1\n FLUENTDFORWARD : true\n Number of buckets : 1\n RELP rate limit : -1\n  : true\n FLUENTDFORWARD rate limit : -1\n SYSLOG : true\n***********************************\n" File=flash-discovery/flash-discovery.go Line=128
time="2022-11-22T13:06:28Z" level=info msg="License loaded: pro" File=flash-discovery/flash-discovery.go Line=127
time="2022-11-22T13:06:28Z" level=info msg="\n***********************************\nFlash License Configuration\n SYSLOG : true\n FLUENTDFORWARD rate limit : -1\n  : true\n RELP : true\n SYSLOG rate limit : -1\n  : false\n Real Time Streaming : true\n FLUENTDFORWARD : true\n Number of buckets : 1\n Number of flash pods : 20\n S3 Partitioning : true\n RELP rate limit : -1\n***********************************\n" File=flash-discovery/flash-discovery.go Line=128
time="2022-11-22T13:07:28Z" level=info msg="License loaded: pro" File=flash-discovery/flash-discovery.go Line=127
time="2022-11-22T13:07:28Z" level=info msg="\n***********************************\nFlash License Configuration\n  : true\n Number of flash pods : 20\n  : false\n S3 Partitioning : true\n SYSLOG : true\n SYSLOG rate limit : -1\n FLUENTDFORWARD : true\n Number of buckets : 1\n RELP rate limit : -1\n Real Time Streaming : true\n RELP : true\n FLUENTDFORWARD rate limit : -1\n***********************************\n" File=flash-discovery/flash-discovery.go Line=128
time="2022-11-22T13:08:28Z" level=info msg="License loaded: pro" File=flash-discovery/flash-discovery.go Line=127
time="2022-11-22T13:08:28Z" level=info msg="\n***********************************\nFlash License Configuration\n FLUENTDFORWARD : true\n FLUENTDFORWARD rate limit : -1\n  : false\n RELP rate limit : -1\n S3 Partitioning : true\n RELP : true\n SYSLOG rate limit : -1\n Number of buckets : 1\n Real Time Streaming : true\n SYSLOG : true\n  : true\n Number of flash pods : 20\n***********************************\n" File=flash-discovery/flash-discovery.go Line=128
time="2022-11-22T13:09:27Z" level=info msg="License loaded: pro" File=flash-discovery/flash-discovery.go Line=127
time="2022-11-22T13:09:27Z" level=info msg="\n***********************************\nFlash License Configuration\n SYSLOG : true\n FLUENTDFORWARD rate limit : -1\n  : false\n Real Time Streaming : true\n SYSLOG rate limit : -1\n  : true\n Number of buckets : 1\n RELP : true\n RELP rate limit : -1\n S3 Partitioning : true\n FLUENTDFORWARD : true\n Number of flash pods : 20\n***********************************\n" File=flash-discovery/flash-discovery.go Line=128
time="2022-11-22T13:10:28Z" level=info msg="License loaded: pro" File=flash-discovery/flash-discovery.go Line=127
time="2022-11-22T13:10:28Z" level=info msg="\n***********************************\nFlash License Configuration\n RELP rate limit : -1\n FLUENTDFORWARD : true\n  : false\n Real Time Streaming : true\n RELP : true\n S3 Partitioning : true\n FLUENTDFORWARD rate limit : -1\n  : true\n Number of flash pods : 20\n SYSLOG : true\n Number of buckets : 1\n SYSLOG rate limit : -1\n***********************************\n" File=flash-discovery/flash-discovery.go Line=128
time="2022-11-22T13:11:27Z" level=info msg="License loaded: pro" File=flash-discovery/flash-discovery.go Line=127
time="2022-11-22T13:11:27Z" level=info msg="\n***********************************\nFlash License Configuration\n RELP : true\n S3 Partitioning : true\n SYSLOG : true\n FLUENTDFORWARD : true\n  : true\n Number of flash pods : 20\n  : false\n Number of buckets : 1\n Real Time Streaming : true\n RELP rate limit : -1\n SYSLOG rate limit : -1\n FLUENTDFORWARD rate limit : -1\n***********************************\n" File=flash-discovery/flash-discovery.go Line=128
time="2022-11-22T13:12:28Z" level=info msg="License loaded: pro" File=flash-discovery/flash-discovery.go Line=127
time="2022-11-22T13:12:28Z" level=info msg="\n***********************************\nFlash License Configuration\n FLUENTDFORWARD : true\n FLUENTDFORWARD rate limit : -1\n Number of buckets : 1\n Number of flash pods : 20\n Real Time Streaming : true\n RELP : true\n SYSLOG rate limit : -1\n  : true\n  : false\n RELP rate limit : -1\n S3 Partitioning : true\n SYSLOG : true\n***********************************\n" File=flash-discovery/flash-discovery.go Line=128
time="2022-11-22T13:13:27Z" level=info msg="License loaded: pro" File=flash-discovery/flash-discovery.go Line=127
time="2022-11-22T13:13:27Z" level=info msg="\n***********************************\nFlash License Configuration\n RELP : true\n RELP rate limit : -1\n FLUENTDFORWARD rate limit : -1\n  : true\n Number of flash pods : 20\n Number of buckets : 1\n Real Time Streaming : true\n SYSLOG : true\n  : false\n SYSLOG rate limit : -1\n S3 Partitioning : true\n FLUENTDFORWARD : true\n***********************************\n" File=flash-discovery/flash-discovery.go Line=128
time="2022-11-22T13:14:28Z" level=info msg="License loaded: pro" File=flash-discovery/flash-discovery.go Line=127
time="2022-11-22T13:14:28Z" level=info msg="\n***********************************\nFlash License Configuration\n RELP : true\n S3 Partitioning : true\n SYSLOG rate limit : -1\n FLUENTDFORWARD : true\n  : false\n Number of buckets : 1\n Real Time Streaming : true\n SYSLOG : true\n  : true\n Number of flash pods : 20\n RELP rate limit : -1\n FLUENTDFORWARD rate limit : -1\n***********************************\n" File=flash-discovery/flash-discovery.go Line=128
time="2022-11-22T13:15:28Z" level=info msg="License loaded: pro" File=flash-discovery/flash-discovery.go Line=127
time="2022-11-22T13:15:28Z" level=info msg="\n***********************************\nFlash License Configuration\n  : false\n RELP rate limit : -1\n S3 Partitioning : true\n FLUENTDFORWARD : true\n Real Time Streaming : true\n Number of flash pods : 20\n  : true\n FLUENTDFORWARD rate limit : -1\n RELP : true\n SYSLOG : true\n SYSLOG rate limit : -1\n Number of buckets : 1\n***********************************\n" File=flash-discovery/flash-discovery.go Line=128
time="2022-11-22T13:16:27Z" level=info msg="License loaded: pro" File=flash-discovery/flash-discovery.go Line=127
time="2022-11-22T13:16:27Z" level=info msg="\n***********************************\nFlash License Configuration\n RELP : true\n FLUENTDFORWARD rate limit : -1\n  : false\n Number of flash pods : 20\n Number of buckets : 1\n RELP rate limit : -1\n S3 Partitioning : true\n SYSLOG : true\n SYSLOG rate limit : -1\n Real Time Streaming : true\n FLUENTDFORWARD : true\n  : true\n***********************************\n" File=flash-discovery/flash-discovery.go Line=128
time="2022-11-22T13:17:28Z" level=info msg="License loaded: pro" File=flash-discovery/flash-discovery.go Line=127
time="2022-11-22T13:17:28Z" level=info msg="\n***********************************\nFlash License Configuration\n Number of buckets : 1\n SYSLOG : true\n RELP rate limit : -1\n SYSLOG rate limit : -1\n  : true\n  : false\n FLUENTDFORWARD rate limit : -1\n S3 Partitioning : true\n FLUENTDFORWARD : true\n Number of flash pods : 20\n Real Time Streaming : true\n RELP : true\n***********************************\n" File=flash-discovery/flash-discovery.go Line=128
time="2022-11-22T13:18:28Z" level=info msg="License loaded: pro" File=flash-discovery/flash-discovery.go Line=127
time="2022-11-22T13:18:28Z" level=info msg="\n***********************************\nFlash License Configuration\n  : false\n RELP : true\n  : true\n SYSLOG : true\n FLUENTDFORWARD rate limit : -1\n SYSLOG rate limit : -1\n RELP rate limit : -1\n Number of buckets : 1\n Number of flash pods : 20\n Real Time Streaming : true\n S3 Partitioning : true\n FLUENTDFORWARD : true\n***********************************\n" File=flash-discovery/flash-discovery.go Line=128
time="2022-11-22T13:19:28Z" level=info msg="License loaded: pro" File=flash-discovery/flash-discovery.go Line=127
time="2022-11-22T13:19:28Z" level=info msg="\n***********************************\nFlash License Configuration\n SYSLOG : true\n SYSLOG rate limit : -1\n  : true\n  : false\n Real Time Streaming : true\n RELP : true\n S3 Partitioning : true\n RELP rate limit : -1\n FLUENTDFORWARD : true\n FLUENTDFORWARD rate limit : -1\n Number of buckets : 1\n Number of flash pods : 20\n***********************************\n" File=flash-discovery/flash-discovery.go Line=128
time="2022-11-22T13:20:28Z" level=info msg="License loaded: pro" File=flash-discovery/flash-discovery.go Line=127
time="2022-11-22T13:20:28Z" level=info msg="\n***********************************\nFlash License Configuration\n Real Time Streaming : true\n RELP : true\n RELP rate limit : -1\n S3 Partitioning : true\n FLUENTDFORWARD : true\n SYSLOG rate limit : -1\n Number of buckets : 1\n Number of flash pods : 20\n SYSLOG : true\n  : false\n  : true\n FLUENTDFORWARD rate limit : -1\n***********************************\n" File=flash-discovery/flash-discovery.go Line=128
time="2022-11-22T13:21:28Z" level=info msg="License loaded: pro" File=flash-discovery/flash-discovery.go Line=127
time="2022-11-22T13:21:28Z" level=info msg="\n***********************************\nFlash License Configuration\n SYSLOG : true\n FLUENTDFORWARD : true\n  : true\n  : false\n Number of buckets : 1\n RELP : true\n FLUENTDFORWARD rate limit : -1\n S3 Partitioning : true\n Number of flash pods : 20\n Real Time Streaming : true\n RELP rate limit : -1\n SYSLOG rate limit : -1\n***********************************\n" File=flash-discovery/flash-discovery.go Line=128
time="2022-11-22T13:22:28Z" level=info msg="License loaded: pro" File=flash-discovery/flash-discovery.go Line=127
time="2022-11-22T13:22:28Z" level=info msg="\n***********************************\nFlash License Configuration\n SYSLOG : true\n SYSLOG rate limit : -1\n FLUENTDFORWARD : true\n Number of buckets : 1\n RELP : true\n  : true\n  : false\n S3 Partitioning : true\n FLUENTDFORWARD rate limit : -1\n Number of flash pods : 20\n Real Time Streaming : true\n RELP rate limit : -1\n***********************************\n" File=flash-discovery/flash-discovery.go Line=128
time="2022-11-22T13:23:28Z" level=info msg="License loaded: pro" File=flash-discovery/flash-discovery.go Line=127
time="2022-11-22T13:23:28Z" level=info msg="\n***********************************\nFlash License Configuration\n RELP : true\n RELP rate limit : -1\n S3 Partitioning : true\n SYSLOG rate limit : -1\n FLUENTDFORWARD : true\n FLUENTDFORWARD rate limit : -1\n SYSLOG : true\n Number of buckets : 1\n  : false\n  : true\n Number of flash pods : 20\n Real Time Streaming : true\n***********************************\n" File=flash-discovery/flash-discovery.go Line=128
time="2022-11-22T13:24:28Z" level=info msg="License loaded: pro" File=flash-discovery/flash-discovery.go Line=127
time="2022-11-22T13:24:28Z" level=info msg="\n***********************************\nFlash License Configuration\n RELP : true\n FLUENTDFORWARD rate limit : -1\n RELP rate limit : -1\n S3 Partitioning : true\n SYSLOG : true\n SYSLOG rate limit : -1\n FLUENTDFORWARD : true\n  : false\n Real Time Streaming : true\n  : true\n Number of buckets : 1\n Number of flash pods : 20\n***********************************\n" File=flash-discovery/flash-discovery.go Line=128
