2022/11/22 11:47:43 maxprocs: Leaving GOMAXPROCS=16: CPU quota undefined
time="2022-11-22T11:47:43.294981961Z" level=warning msg="in flash.go PsRuleUpdateTime=300" File=flash/flash.go Line=156
HEAD-8744f01976c6e708a6a14fbcda351ba2a1a4cb81 HEAD-8744f01976c6e708a6a14fbcda351ba2a1a4cb81 2022-11-22_10:06:46AM
time="2022-11-22T11:47:43.300645869Z" level=info msg="Connected to prometheus" BuildInfo="{2.32.1 41f1a8125e664985dd30674e5bdf6b683eff5d32 HEAD root@54b6dbd48b97 20211217-22:08:06 go1.17.5}" File=flash/prometheus/promclient/client.go Host="http://prometheus-operated:9090" Line=40
time="2022-11-22T11:47:43.303933092Z" level=info msg="--api-node flag true\n" File=flash/flash.go Line=164
time="2022-11-22T11:47:43.304064426Z" level=info msg="--sync-node flag false\n" File=flash/flash.go Line=165
time="2022-11-22T11:47:43.304178863Z" level=info msg="Registering metrics…" File=flash/flash.go Line=167
time="2022-11-22T11:47:43.304309508Z" level=info msg="Limiting ingest rate to 1000MB/hr" File=flash/ingestratelimiter/limiter.go Line=20
time="2022-11-22T11:47:43.304475093Z" level=info msg="Registering metrics for all nodes" File=flash/prometheus/prommetrics/prometheus.go Line=569
time="2022-11-22T11:47:43.305402727Z" level=info msg="Ingest is not ready" File=flash/healthcheck/healthcheck.go Line=94
time="2022-11-22T11:47:43.305566327Z" level=info msg="Attempting Connection to redis server" File=flash/pubsub/pubsub.go Line=61
time="2022-11-22T11:47:43.305723907Z" level=info msg="Found REDIS_HOST in environ, overrides command line with redis-master" File=flash/pubsub/pubsub.go Line=64
time="2022-11-22T11:47:43.305875642Z" level=info msg="Found REDIS_PORT in environ, overrides command line with 6379" File=flash/pubsub/pubsub.go Line=68
time="2022-11-22T11:47:43.306959197Z" level=info msg="Connected to redis @ redis://redis-master:6379/" File=flash/pubsub/pubsub.go Line=40
time="2022-11-22T11:47:43.3071215Z" level=info msg="Initializing postgres client" File=flash/vendor/bitbucket.org Line=62
time="2022-11-22T11:47:43.307272432Z" level=info msg="Starting initDb" File=flash/vendor/bitbucket.org Line=72
time="2022-11-22T11:47:43.307725344Z" level=info msg="Retrying initDb" File=flash/vendor/bitbucket.org Line=74
time="2022-11-22T11:47:43.307983219Z" level=info msg="Found POSTGRES_USER in environ, overrides command line with postgres" File=flash/vendor/bitbucket.org Line=118
time="2022-11-22T11:47:43.308170392Z" level=info msg="Found POSTGRES_PASSWORD in environ, overrides command line" File=flash/vendor/bitbucket.org Line=122
time="2022-11-22T11:47:43.308461658Z" level=info msg="Found POSTGRES_DB in environ, overrides command line with postgres" File=flash/vendor/bitbucket.org Line=126
time="2022-11-22T11:47:43.308638976Z" level=info msg="Starting healthcheck and readiness" File=flash/healthcheck/healthcheck.go Line=183
time="2022-11-22T11:47:43.309159468Z" level=info msg="Found POSTGRES_HOST in environ, overrides command line with postgres" File=flash/vendor/bitbucket.org Line=130
time="2022-11-22T11:47:43.309315683Z" level=info msg="Found POSTGRES_PORT in environ, overrides command line with 5432" File=flash/vendor/bitbucket.org Line=134
time="2022-11-22T11:47:43.309447234Z" level=info msg="Starting topic watcher : node_sync" File=flash/pubsub/configwatcher.go Line=33
time="2022-11-22T11:47:43.309477132Z" level=info msg="pg maxIdleConns:50" File=flash/vendor/bitbucket.org Line=137
time="2022-11-22T11:47:43.309591252Z" level=info msg="pg maxOpenConn:50" File=flash/vendor/bitbucket.org Line=138
time="2022-11-22T11:47:43.309707369Z" level=info msg="pg connMaxLifetime:5m0s" File=flash/vendor/bitbucket.org Line=139
time="2022-11-22T11:47:43.314916871Z" level=info msg="*****connected to postgres db*******" File=flash/vendor/bitbucket.org Line=157
time="2022-11-22T11:47:43.315824079Z" level=info msg="flash db exists:true" File=flash/vendor/bitbucket.org Line=214
time="2022-11-22T11:47:43.320243662Z" level=info msg="Connected to flash db" File=flash/vendor/bitbucket.org Line=191
time="2022-11-22T11:47:43.320355453Z" level=info msg="Success conecting to metadata store" File=flash/vendor/bitbucket.org Line=194
time="2022-11-22T11:47:43.320493722Z" level=info msg="logiq Database opened at /flash/db/logiq.db" File=flash/sqlite3/client.go Line=37
time="2022-11-22T11:47:43.322894789Z" level=info msg="logiq Database opened at /flash/db/logiq.db" File=flash/sqlite3/client.go Line=61
time="2022-11-22T11:47:43.357080318Z" level=info msg="Starting parser watcher" File=flash/syslogparser/watcher/watcher.go Line=179
2022/11/22 11:47:43 profile: memory profiling enabled (rate 4096), /tmp/profile2633949123/mem.pprof
time="2022-11-22T11:47:43.375126841Z" level=info msg="Parsing and validating flash config" File=flash/flashserver/flashserver.go Line=329
time="2022-11-22T11:47:43.376555353Z" level=info msg="\noptions:\n\n    ca: \"/flash/certs/ca.crt\"\n\n    cert: \"/flash/certs/syslog.crt\"\n\n    key: \"/flash/certs/syslog.key\"\n\n    host: 0.0.0.0\n\npartitions:\n\n  -\n\n    name: p_scheme\n\n    fields:\n\n      - namespace\n\n      - appname\n\n      - year\n\n      - month\n\n      - day\n\ncredentials:\n\n  -\n\n    name: logiq\n\n    s3:\n\n\n\n      secret_key: logiq_secret\n\n      access_key: logiq_access\n\n\n\ndestinations:\n\n  -\n\n    name: default_log_store\n\n    partition: p_scheme\n\n    s3:\n\n      bucket: logiq\n\n\n\n      endpoint: http://s3-gateway:9000\n\n\n\n      credential: logiq\n\nrules:\n\n  -\n\n    destination: default_log_store\n" File=flash/configparser/configparser.go Line=181
time="2022-11-22T11:47:43.378889859Z" level=info msg="Validated configuration file" File=flash/configparser/configparser.go Line=206
time="2022-11-22T11:47:43.380008972Z" level=info msg="map[default_log_store:S3:Bucket(logiq) Prefix() Credential(logiq) Groupings(null)]" File=flash/configparser/config.go Line=112
time="2022-11-22T11:47:43.380049423Z" level=info msg="Processing options" File=flash/flashserver/flashserver.go Line=335
time="2022-11-22T11:47:43.380066259Z" level=info msg="Found ADMIN_EMAIL override in environment"
time="2022-11-22T11:47:43.38007225Z" level=info msg="Found ADMIN_PASSWORD override in environment"
time="2022-11-22T11:47:43.380082294Z" level=warning msg="Missing option: licencefile, setting it to default"
time="2022-11-22T11:47:43.380092313Z" level=warning msg="Missing option: glue_iam_service_role"
time="2022-11-22T11:47:43.380103141Z" level=info msg="Starting command line server" File=flash/flashserver/flashserver.go Line=354
time="2022-11-22T11:47:43.380121331Z" level=info msg="Initializing brokers" File=flash/flashserver/flashserver.go Line=357
time="2022-11-22T11:47:43.380132354Z" level=info msg="Initializing local receiver" File=flash/flashserver/flashserver.go Line=359
time="2022-11-22T11:47:43.380140416Z" level=info msg="Checking if we are the leader" File=flash/flashserver/flashserver.go Line=463
time="2022-11-22T11:47:43.380148071Z" level=info msg="Starting db updates and migrations" File=flash/flashserver/flashserver.go Line=485
CREATE TABLE IF NOT EXISTS EventRules( Name TEXT primary key, Description TEXT, Condition TEXT, Match TEXT, Rewrite TEXT, Level TEXT, GroupName TEXT, Active integer, Immutable integer, RuleType TEXT, ApplicationMatch TEXT, AlertConfigured integer, RecordMetricsOnly integer, EventMetrics TEXT, AdditionalLabels TEXT, EventHash TEXT, PatternLabels TEXT, Tags TEXT, CreatedAt integer, CreatedBy TEXT, SeimRule TEXT, ExtType TEXT, Namespace TEXT, RenamedLabelsObject TEXT); 
CREATE TABLE IF NOT EXISTS LocalReceiverPartitionPG( Name TEXT, Partition TEXT, DestinationName TEXT, BucketName TEXT, ObjectGeneration integer, ConfigGeneration integer, Uid  SERIAL  primary key, NodeUid TEXT, Md5 TEXT, Uuid TEXT, Unixts integer, UNIQUE(Md5,Uuid)); 
CREATE TABLE IF NOT EXISTS Namespace( Destination TEXT, Namespace TEXT, Type TEXT, LastSeen integer, FirstSeen integer, CreatedTime integer, Uploaded TEXT, PRIMARY KEY(Destination, Namespace)); 
CREATE TABLE IF NOT EXISTS Application( Destination TEXT, Namespace TEXT, Name TEXT, LastSeen integer, FirstSeen integer, CreatedTime integer, Uploaded TEXT, PRIMARY KEY(Destination, Namespace, Name)); 
CREATE TABLE IF NOT EXISTS ProcessDetails( Destination TEXT, Namespace TEXT, Application TEXT, ProcID TEXT, LastSeen integer, FirstSeen integer, CreatedTime integer, Uploaded TEXT, Tags TEXT, PRIMARY KEY(Destination, Namespace, Application, ProcID)); 
CREATE TABLE IF NOT EXISTS Migrations( Id  SERIAL  primary key, Name TEXT, Version integer, Statement TEXT); 
CREATE TABLE IF NOT EXISTS tasks( Id  SERIAL  primary key, Name TEXT, Status integer, CreatedAt TEXT, CompletedAt TEXT, Input TEXT, Result TEXT, HostName TEXT, Context TEXT); 
CREATE TABLE IF NOT EXISTS silencemap( Id  SERIAL  primary key, SilenceData bytea, Active TEXT, Pex bytea); 
CREATE TABLE IF NOT EXISTS eventgroups( Name TEXT UNIQUE, Id  SERIAL  primary key); 
CREATE TABLE IF NOT EXISTS patternmap( Id4 integer UNIQUE, Hash4 TEXT, Id2 integer UNIQUE, Hash2 TEXT); 
CREATE TABLE IF NOT EXISTS patternrule( Hash TEXT UNIQUE, Id  SERIAL  primary key, Mat TEXT UNIQUE, Rep TEXT, Rtype TEXT, CreateTime integer, Len integer); 
CREATE TABLE IF NOT EXISTS ForwardsSchema( Id integer primary key, Config TEXT); 
CREATE TABLE IF NOT EXISTS Forwards( Id  SERIAL  primary key, Name TEXT, Config TEXT, Schema TEXT); 
CREATE TABLE IF NOT EXISTS ForwardsNamespaceMap( Id integer, Namespace TEXT, App TEXT, CreateTs integer, UpdateTs integer, PRIMARY KEY(Namespace, App)); 
CREATE TABLE IF NOT EXISTS ForwardsAttrMap( Id integer, Hash TEXT primary key, Config TEXT, CreateTs integer, UpdateTs integer); 
CREATE TABLE IF NOT EXISTS InputPluginsSchema( Id integer primary key, Config TEXT); 
CREATE TABLE IF NOT EXISTS InputPlugins( Id  SERIAL  primary key, Name TEXT, Config TEXT, Schema TEXT, Token TEXT); 
CREATE TABLE IF NOT EXISTS Services( Name TEXT, Destination TEXT, Namespace TEXT, Application TEXT, LastSeen integer, FirstSeen integer, CreatedTime integer, Uploaded TEXT, PRIMARY KEY(Name, Destination, Namespace, Application)); 
CREATE TABLE IF NOT EXISTS Operations( Name TEXT, Destination TEXT, Namespace TEXT, Application TEXT, Service TEXT, LastSeen integer, FirstSeen integer, CreatedTime integer, Uploaded TEXT, PRIMARY KEY(Name, Destination, Namespace, Application, Service)); 
time="2022-11-22T11:47:43.521267388Z" level=info msg="Local receiver options" File=flash/flashserver/flashserver.go Line=503
time="2022-11-22T11:47:43.521288884Z" level=info msg="S3: Max partition size: 4194304" File=flash/flashserver/flashserver.go Line=504
time="2022-11-22T11:47:43.521297454Z" level=info msg="S3: GC Interval (ms): 333000" File=flash/flashserver/flashserver.go Line=505
time="2022-11-22T11:47:43.521305171Z" level=info msg="S3: S3ParquetObjects: %!b(bool=true)" File=flash/flashserver/flashserver.go Line=506
time="2022-11-22T11:47:43.521312385Z" level=info msg="S3: Flush notify channel depth: 2000" File=flash/flashserver/flashserver.go Line=507
time="2022-11-22T11:47:43.521323416Z" level=info msg="S3: UploadInterval (ms): 600000" File=flash/flashserver/flashserver.go Line=508
time="2022-11-22T11:47:43.521330941Z" level=info msg="S3: Http timeout (seconds): 120" File=flash/flashserver/flashserver.go Line=509
time="2022-11-22T11:47:43.521338336Z" level=info msg="S3: Upload failure count: 3" File=flash/flashserver/flashserver.go Line=510
time="2022-11-22T11:47:43.521347724Z" level=info msg="Pool and worker options" File=flash/flashserver/flashserver.go Line=511
time="2022-11-22T11:47:43.521355872Z" level=info msg="Channels: 500" File=flash/flashserver/flashserver.go Line=512
time="2022-11-22T11:47:43.521363126Z" level=info msg="ChannelWorkers: 1" File=flash/flashserver/flashserver.go Line=513
time="2022-11-22T11:47:43.521372158Z" level=info msg="GO: Max procs: " File=flash/flashserver/flashserver.go Line=514
time="2022-11-22T11:47:43.521379523Z" level=info msg="Getting license" File=flash/flashserver/flashserver.go Line=362
time="2022-11-22T11:47:43.522169255Z" level=info msg="Initializing metadata service" File=flash/flashserver/flashserver.go Line=404
time="2022-11-22T11:47:43.522188305Z" level=info msg="Initializing localreceiver service" File=flash/flashserver/flashserver.go Line=406
time="2022-11-22T11:47:43.522838092Z" level=info msg="Loaded 0 partitions to cache from last 24 hours" File=flash/partition/localreceiverpartitionsvc.go Line=309
time="2022-11-22T11:47:43.522859884Z" level=info msg="Initializing event processor" File=flash/flashserver/flashserver.go Line=408
time="2022-11-22T11:47:43.522875083Z" level=info msg="Initializing commans" File=flash/flashserver/flashserver.go Line=410
time="2022-11-22T11:47:43.522882779Z" level=info msg="Initializing metascalar" File=flash/flashserver/flashserver.go Line=412
time="2022-11-22T11:47:43.522898139Z" level=info msg="Initializing actuator" File=flash/flashserver/flashserver.go Line=415
time="2022-11-22T11:47:43.52291475Z" level=info msg="Initializing Actuator" File=flash/actuator/actuators.go Line=29
time="2022-11-22T11:47:43.522930988Z" level=info msg="Loading flash configuration from DB" File=flash/flash.go Line=249
time="2022-11-22T11:47:43.523001007Z" level=info msg="Metadata cache populated, Count: 0, Stems: 0, Datalocations: 0" File=flash/metascaler/uploadfileProcesser.go Line=183
time="2022-11-22T11:47:43.524158233Z" level=info msg="Loading Configuration" File=flash/flashconfig/configurationsvc.go Key=SET_READY_OFF_ON_BACKPRESSURE Line=169 Value=false
time="2022-11-22T11:47:43.524176301Z" level=info msg="Loading Configuration" File=flash/flashconfig/configurationsvc.go Key=CONCURRENT_METADATA_WRITES Line=169 Value=50
time="2022-11-22T11:47:43.524185536Z" level=info msg="Loading Configuration" File=flash/flashconfig/configurationsvc.go Key=PS_STREAM_MAX_SIZE Line=169 Value=8000
time="2022-11-22T11:47:43.524193598Z" level=info msg="Loading Configuration" File=flash/flashconfig/configurationsvc.go Key=JBS_SIZE Line=169 Value=30
time="2022-11-22T11:47:43.524211154Z" level=info msg="Loading Configuration" File=flash/flashconfig/configurationsvc.go Key=RECLAIM_OBJECTS_AGE_HOUR Line=169 Value=4
time="2022-11-22T11:47:43.524224901Z" level=info msg="Loading Configuration" File=flash/flashconfig/configurationsvc.go Key=MAX_QUERY_PAGE_SIZE Line=169 Value=200
time="2022-11-22T11:47:43.524234342Z" level=info msg="Loading Configuration" File=flash/flashconfig/configurationsvc.go Key=INGEST_OFF_BACKPRESSURE_THRESHOLD_PERCENT Line=169 Value=100
time="2022-11-22T11:47:43.524242005Z" level=info msg="Loading Configuration" File=flash/flashconfig/configurationsvc.go Key=INGEST_OFF_BACKPRESSURE_WINDOW_SIZE Line=169 Value=12
time="2022-11-22T11:47:43.524254041Z" level=info msg="Loading Configuration" File=flash/flashconfig/configurationsvc.go Key=PS_STREAM_ENABLE Line=169 Value=
time="2022-11-22T11:47:43.5242626Z" level=info msg="Loading Configuration" File=flash/flashconfig/configurationsvc.go Key=METADATA_BATCH_SIZE Line=169 Value=2
time="2022-11-22T11:47:43.524277851Z" level=info msg="Loading Configuration" File=flash/flashconfig/configurationsvc.go Key=CONCURRENT_OBJECT_UPLOADS Line=169 Value=15
time="2022-11-22T11:47:43.524289075Z" level=info msg="Loading Configuration" File=flash/flashconfig/configurationsvc.go Key=METADATA_FLUSH_BACKPRESSURE_THRESHOLD Line=169 Value=28000
time="2022-11-22T11:47:43.524296495Z" level=info msg="Loading Configuration" File=flash/flashconfig/configurationsvc.go Key=PROCESS_TAGS Line=169 Value=Tags
time="2022-11-22T11:47:43.524312468Z" level=info msg="Loading Configuration" File=flash/flashconfig/configurationsvc.go Key=SHARE_QUERY_TTL_IN_DAYS Line=169 Value=30
time="2022-11-22T11:47:43.524320391Z" level=info msg="Loading Configuration" File=flash/flashconfig/configurationsvc.go Key=EP Line=169 Value=2
time="2022-11-22T11:47:43.524328039Z" level=info msg="Loading Configuration" File=flash/flashconfig/configurationsvc.go Key=LPD Line=169 Value=1h
time="2022-11-22T11:47:43.524340427Z" level=info msg="Loading Configuration" File=flash/flashconfig/configurationsvc.go Key=MFP Line=169 Value=6
time="2022-11-22T11:47:43.524352366Z" level=info msg="Loading Configuration" File=flash/flashconfig/configurationsvc.go Key=EDCT Line=169 Value=1000
time="2022-11-22T11:47:43.524366733Z" level=info msg="Loading Configuration" File=flash/flashconfig/configurationsvc.go Key=PS_TOTAL_STREAM_MAX_SIZE Line=169 Value=20000
time="2022-11-22T11:47:43.524374685Z" level=info msg="Loading Configuration" File=flash/flashconfig/configurationsvc.go Key=L_UI_T Line=169 Value=true
time="2022-11-22T11:47:43.524387343Z" level=info msg="Loading Configuration" File=flash/flashconfig/configurationsvc.go Key=PS_CONFIG Line=169 Value=
time="2022-11-22T11:47:43.524396085Z" level=info msg="Loading Configuration" File=flash/flashconfig/configurationsvc.go Key=PQ_BT Line=169 Value=100
time="2022-11-22T11:47:43.524404663Z" level=info msg="Loading Configuration" File=flash/flashconfig/configurationsvc.go Key=EVENT_UPLOAD_WORKERS Line=169 Value=10
time="2022-11-22T11:47:43.524415252Z" level=info msg="Loading Configuration" File=flash/flashconfig/configurationsvc.go Key=UI_QUERY_PARALLELISM Line=169 Value=5
time="2022-11-22T11:47:43.52442438Z" level=info msg="Loading Configuration" File=flash/flashconfig/configurationsvc.go Key=GEO_IP_ENHANCE_FIELDS Line=169 Value=
time="2022-11-22T11:47:43.524434205Z" level=info msg="Loading Configuration" File=flash/flashconfig/configurationsvc.go Key=DEBUG_PL Line=169 Value=false
time="2022-11-22T11:47:43.524451595Z" level=info msg="Loading Configuration" File=flash/flashconfig/configurationsvc.go Key=LOGFLOWF_FILTER_FORWARD_MODE Line=169 Value=false
time="2022-11-22T11:47:43.524465855Z" level=info msg="Loading Configuration" File=flash/flashconfig/configurationsvc.go Key=PQW Line=169 Value=2
time="2022-11-22T11:47:43.524473768Z" level=info msg="Loading Configuration" File=flash/flashconfig/configurationsvc.go Key=METADATA_UPLOAD_WORKERS Line=169 Value=2
time="2022-11-22T11:47:43.524480787Z" level=info msg="Loading Configuration" File=flash/flashconfig/configurationsvc.go Key=PQ_RP Line=169 Value=4
time="2022-11-22T11:47:43.524488315Z" level=info msg="Loading Configuration" File=flash/flashconfig/configurationsvc.go Key=METADATA_BATCH_INTERVAL Line=169 Value=200
time="2022-11-22T11:47:43.524498157Z" level=info msg="Loading Configuration" File=flash/flashconfig/configurationsvc.go Key=APP_NAME_MAPPING Line=169 Value=
time="2022-11-22T11:47:43.524510445Z" level=info msg="Loading Configuration" File=flash/flashconfig/configurationsvc.go Key=PROCESS_ID_MAPPING Line=169 Value=
time="2022-11-22T11:47:43.524519522Z" level=info msg="Loading Configuration" File=flash/flashconfig/configurationsvc.go Key=MUST_INCLUDE_FACETS Line=169 Value=
time="2022-11-22T11:47:43.524526801Z" level=info msg="Loading Configuration" File=flash/flashconfig/configurationsvc.go Key=V3_META_PREFIX Line=169 Value=false
time="2022-11-22T11:47:43.524534883Z" level=info msg="Loading Configuration" File=flash/flashconfig/configurationsvc.go Key=NAMESPACE_MAPPING Line=169 Value=
time="2022-11-22T11:47:43.524545787Z" level=info msg="Loading Configuration" File=flash/flashconfig/configurationsvc.go Key=HOST_NAME_MAPPING Line=169 Value=
time="2022-11-22T11:47:43.524556881Z" level=info msg="Patching Configuration" Backend=s3 File=flash/flashserver/flashserver.go Line=313
time="2022-11-22T11:47:43.546432659Z" level=info msg="Staring server context" File=flash/flash.go Line=256
time="2022-11-22T11:47:43.546461914Z" level=info msg="ready:true" File=flash/flash.go Line=257
time="2022-11-22T11:47:43.546472054Z" level=info msg="Node can continue" File=flash/flash.go Line=261
time="2022-11-22T11:47:43.546557799Z" level=error msg="Warning not used token, token=abcxyz" File=flash/flashml/init.go Line=62
time="2022-11-22T11:47:43.546555899Z" level=info msg="Starting GRPC server" File=flash/flashserver/flashserver.go Line=184
time="2022-11-22T11:47:43.546599558Z" level=info msg="Starting license manager" File=flash/flashserver/flashserver.go Line=189
time="2022-11-22T11:47:43.546614031Z" level=info msg="IngestNode:false ApiNode:true CombinedNode:false SyncNode:false" File=flash/flashserver/flashserver.go Line=192
time="2022-11-22T11:47:43.54663279Z" level=info msg="License Manager doing license test" File=flash/flashserver/flashserver.go Line=246
time="2022-11-22T11:47:43.546818108Z" level=error msg="Warning not used token, token= $1" File=flash/flashml/init.go Line=62
time="2022-11-22T11:47:43.546869412Z" level=error msg="Warning not used token, token=$1 " File=flash/flashml/init.go Line=62
time="2022-11-22T11:47:43.546927014Z" level=error msg="Warning not used token, token='" File=flash/flashml/init.go Line=62
time="2022-11-22T11:47:43.546973765Z" level=error msg="Warning not used token, token='" File=flash/flashml/init.go Line=62
time="2022-11-22T11:47:43.547037682Z" level=error msg="Warning not used token, token=\\\"" File=flash/flashml/init.go Line=62
time="2022-11-22T11:47:43.547072426Z" level=error msg="Warning not used token, token=\\\"" File=flash/flashml/init.go Line=62
time="2022-11-22T11:47:43.547132768Z" level=error msg="Warning not used token, token=$1 $2 " File=flash/flashml/init.go Line=62
time="2022-11-22T11:47:43.547201736Z" level=error msg="Warning not used token, token= $1 " File=flash/flashml/init.go Line=62
time="2022-11-22T11:47:43.547242761Z" level=error msg="Warning not used token, token=$1 $2" File=flash/flashml/init.go Line=62
time="2022-11-22T11:47:43.547316421Z" level=error msg="Warning not used token, token=$1 $2" File=flash/flashml/init.go Line=62
time="2022-11-22T11:47:43.548758564Z" level=error msg="Warning not used token, token=$1 $2" File=flash/flashml/init.go Line=62
time="2022-11-22T11:47:43.548850821Z" level=error msg="Warning not used token, token=$1 $2" File=flash/flashml/init.go Line=62
time="2022-11-22T11:47:43.548938113Z" level=error msg="Warning not used token, token=$1 $2" File=flash/flashml/init.go Line=62
time="2022-11-22T11:47:43.549028861Z" level=error msg="Warning not used token, token=  " File=flash/flashml/init.go Line=62
time="2022-11-22T11:47:43.549103182Z" level=error msg="Warning not used token, token=abcxyz" File=flash/flashml/init.go Line=62
time="2022-11-22T11:47:43.549370436Z" level=error msg="Warning not used token, token=abcxyz" File=flash/flashml/init.go Line=62
time="2022-11-22T11:47:43.549766339Z" level=error msg="Warning not used token, token=abcxyz" File=flash/flashml/init.go Line=62
time="2022-11-22T11:47:43.55115057Z" level=error msg="Warning not used token, token= $1 " File=flash/flashml/init.go Line=62
time="2022-11-22T11:47:43.551252307Z" level=error msg="Warning not used token, token=abcxyz" File=flash/flashml/init.go Line=62
time="2022-11-22T11:47:43.5527249Z" level=error msg="Warning not used token, token=abcxyz" File=flash/flashml/init.go Line=62
time="2022-11-22T11:47:43.553215556Z" level=error msg="Warning not used token, token=abcxyz" File=flash/flashml/init.go Line=62
time="2022-11-22T11:47:43.557367767Z" level=error msg="Warning not used token, token=abcxyz" File=flash/flashml/init.go Line=62
time="2022-11-22T11:47:43.557431351Z" level=error msg="Warning not used token, token= " File=flash/flashml/init.go Line=62
time="2022-11-22T11:47:43.55750838Z" level=error msg="Warning not used token, token=$1" File=flash/flashml/init.go Line=62
time="2022-11-22T11:47:43.557556352Z" level=error msg="Warning not used token, token=$1" File=flash/flashml/init.go Line=62
createDefaultPs
time="2022-11-22T11:47:43.562319465Z" level=info msg="Running pending tasks" File=flash/tasks/task.go Line=114
time="2022-11-22T11:47:43.56289987Z" level=info msg="Fetched pending tasks from db" File=flash/tasks/task.go Line=117 tasksCount=0
time="2022-11-22T11:47:43.562912433Z" level=info msg="Starting Stats Reporter" File=flash/prometheus/prommetrics/statsreporter.go Line=55
time="2022-11-22T11:47:43.562940633Z" level=info msg="InitCronJobs - logflowEnabled is: true" File=flash/triggers/trigger.go Line=304
time="2022-11-22T11:47:43.562955289Z" level=info msg="Starting cron service:PublishPoolStats" File=flash/triggers/trigger.go Line=298
time="2022-11-22T11:47:43.562975076Z" level=info msg="Starting cron service:FileCacheCleanup" File=flash/triggers/trigger.go Line=298
time="2022-11-22T11:47:43.562999468Z" level=info msg="Registered FileCacheCleanup services" File=flash/triggers/trigger.go Line=142
time="2022-11-22T11:47:43.563010132Z" level=info msg="Jobs scheduled" File=flash/triggers/trigger.go Line=321

LLLLLLLLLLL                   OOOOOOOOO              GGGGGGGGGGGGG IIIIIIIIII      QQQQQQQQQ                             AAA                IIIIIIIIII
L:::::::::L                 OO:::::::::OO         GGG::::::::::GGG I::::::::I    QQ:::::::::QQ                          A:::A               I::::::::I
L:::::::::L               OO:::::::::::::OO     GG::::::::::::::GG I::::::::I  QQ:::::::::::::QQ                       A:::::A              I::::::::I
LL:::::::LL              O:::::::OOO:::::::O   G:::::GGGGGGGG::::G II::::::II Q:::::::QQQ:::::::Q                     A:::::::A             II::::::II
  L:::::L                O::::::O   O::::::O  G:::::G       GGGGGG   I::::I   Q::::::q   Q::::::Q                    A:::::::::A              I::::I  
  L:::::L                O:::::O     O:::::O G:::::G                 I::::I   Q:::::Q     Q:::::Q                   A:::::A:::::A             I::::I  
  L:::::L                O:::::O     O:::::O G:::::G                 I::::I   Q:::::Q     Q:::::Q                  A:::::A A:::::A            I::::I  
  L:::::L                O:::::O     O:::::O G:::::G    GGGGGGGGGG   I::::I   Q:::::Q     Q:::::Q                 A:::::A   A:::::A           I::::I  
  L:::::L                O:::::O     O:::::O G:::::G    G::::::::G   I::::I   Q:::::Q     Q:::::Q                A:::::A     A:::::A          I::::I  
  L:::::L                O:::::O     O:::::O G:::::G    GGGGG::::G   I::::I   Q:::::Q     Q:::::Q               A:::::AAAAAAAAA:::::A         I::::I  
  L:::::L                O:::::O     O:::::O G:::::G        G::::G   I::::I   Q:::::Q     Q:::::q              A:::::::::::::::::::::A        I::::I  
  L:::::L         LLLLLL O::::::O   O::::::O  G:::::G       G::::G   I::::I   Q::::::Q   Q::::::Q             A:::::AAAAAAAAAAAAA:::::A       I::::I  
LL:::::::LLLLLLLLL:::::L O:::::::OOO:::::::O   G:::::GGGGGGGG::::G II::::::II Q:::::::QQQ:::::::Q            A:::::A             A:::::A    II::::::II
L::::::::::::::::::::::L  OO:::::::::::::OO     GG:::::::::::::::G I::::::::I  QQ::::::::::::::Q   .::::.   A:::::A               A:::::A   I::::::::I
L::::::::::::::::::::::L    OO:::::::::OO         GGG::::::GGG:::G I::::::::I    QQ:::::::::::Q    .::::.  A:::::A                 A:::::A  I::::::::I
LLLLLLLLLLLLLLLLLLLLLLLL      OOOOOOOOO              GGGGGG   GGGG IIIIIIIIII      QQQQQQQQQQ      .::::. AAAAAAA                   AAAAAAA IIIIIIIIII
                                                                                       QQQQQQQ                                                   
                                                                                            QQQ
time="2022-11-22T11:47:43.563028648Z" level=info msg="All services are up and running" File=flash/flash.go Line=300
Flash started as an API Node
Flash is using sidecar
time="2022-11-22T11:47:48.564006949Z" level=info msg="Initializing query service" File=flash/flash.go Line=333
time="2022-11-22T11:48:00.091598105Z" level=info msg="Query Request Completed" File=flash/triggers/trigger.go Line=136 Took=16.105434ms
time="2022-11-22T12:16:45.0353275Z" level=error msg="open /flash/db/queryDb/a09a31db-afc0-5d3b-867a-ce0dbb509ede-PREV/2HtzwPyixWYCm5FVDYPkeMDM1Ng: no such file or directory" File=flash/flashdb/flashdb.go Line=300
time="2022-11-22T12:23:32.563271549Z" level=error msg="open /flash/db/queryDb/73b27869-c9ed-59d5-9a05-21d9e669e86c-PREV/2Hu0lZNtRqjIYOtFyGGkDFCi9q2: no such file or directory" File=flash/flashdb/flashdb.go Line=300
time="2022-11-22T12:48:00.112089637Z" level=info msg="Query Request Completed" File=flash/triggers/trigger.go Line=136 Took=11.150457ms
