2022/11/22 11:51:39 maxprocs: Leaving GOMAXPROCS=16: CPU quota undefined
time="2022-11-22T11:51:39.602899048Z" level=warning msg="in flash.go PsRuleUpdateTime=300" File=flash/flash.go Line=156
HEAD-8744f01976c6e708a6a14fbcda351ba2a1a4cb81 HEAD-8744f01976c6e708a6a14fbcda351ba2a1a4cb81 2022-11-22_10:06:46AM
time="2022-11-22T11:51:39.609770907Z" level=info msg="Connected to prometheus" BuildInfo="{2.32.1 41f1a8125e664985dd30674e5bdf6b683eff5d32 HEAD root@54b6dbd48b97 20211217-22:08:06 go1.17.5}" File=flash/prometheus/promclient/client.go Host="http://prometheus-operated:9090" Line=40
time="2022-11-22T11:51:39.615363317Z" level=info msg="--api-node flag false\n" File=flash/flash.go Line=164
time="2022-11-22T11:51:39.615574849Z" level=info msg="--sync-node flag false\n" File=flash/flash.go Line=165
time="2022-11-22T11:51:39.615753366Z" level=info msg="Registering metrics…" File=flash/flash.go Line=167
time="2022-11-22T11:51:39.615938778Z" level=info msg="Limiting ingest rate to 1000MB/hr" File=flash/ingestratelimiter/limiter.go Line=20
time="2022-11-22T11:51:39.616187349Z" level=info msg="Registering metrics for all nodes" File=flash/prometheus/prommetrics/prometheus.go Line=569
time="2022-11-22T11:51:39.617689448Z" level=info msg="Ingest is not ready" File=flash/healthcheck/healthcheck.go Line=94
time="2022-11-22T11:51:39.617911567Z" level=info msg="Attempting Connection to redis server" File=flash/pubsub/pubsub.go Line=61
time="2022-11-22T11:51:39.618161107Z" level=info msg="Found REDIS_HOST in environ, overrides command line with redis-master" File=flash/pubsub/pubsub.go Line=64
time="2022-11-22T11:51:39.618389953Z" level=info msg="Found REDIS_PORT in environ, overrides command line with 6379" File=flash/pubsub/pubsub.go Line=68
time="2022-11-22T11:51:39.619623725Z" level=info msg="Connected to redis @ redis://redis-master:6379/" File=flash/pubsub/pubsub.go Line=40
time="2022-11-22T11:51:39.619744439Z" level=info msg="Initializing postgres client" File=flash/vendor/bitbucket.org Line=62
time="2022-11-22T11:51:39.619852657Z" level=info msg="Starting initDb" File=flash/vendor/bitbucket.org Line=72
time="2022-11-22T11:51:39.619968364Z" level=info msg="Retrying initDb" File=flash/vendor/bitbucket.org Line=74
time="2022-11-22T11:51:39.620470522Z" level=info msg="Found POSTGRES_USER in environ, overrides command line with postgres" File=flash/vendor/bitbucket.org Line=118
time="2022-11-22T11:51:39.62069214Z" level=info msg="Found POSTGRES_PASSWORD in environ, overrides command line" File=flash/vendor/bitbucket.org Line=122
time="2022-11-22T11:51:39.62074739Z" level=info msg="Starting healthcheck and readiness" File=flash/healthcheck/healthcheck.go Line=183
time="2022-11-22T11:51:39.620950819Z" level=info msg="Found POSTGRES_DB in environ, overrides command line with postgres" File=flash/vendor/bitbucket.org Line=126
time="2022-11-22T11:51:39.621545253Z" level=info msg="Found POSTGRES_HOST in environ, overrides command line with postgres" File=flash/vendor/bitbucket.org Line=130
time="2022-11-22T11:51:39.621666812Z" level=info msg="Found POSTGRES_PORT in environ, overrides command line with 5432" File=flash/vendor/bitbucket.org Line=134
time="2022-11-22T11:51:39.621763351Z" level=info msg="pg maxIdleConns:10" File=flash/vendor/bitbucket.org Line=137
time="2022-11-22T11:51:39.621861899Z" level=info msg="pg maxOpenConn:10" File=flash/vendor/bitbucket.org Line=138
time="2022-11-22T11:51:39.621930439Z" level=info msg="Starting topic watcher : node_sync" File=flash/pubsub/configwatcher.go Line=33
time="2022-11-22T11:51:39.62197303Z" level=info msg="pg connMaxLifetime:5m0s" File=flash/vendor/bitbucket.org Line=139
time="2022-11-22T11:51:39.626829698Z" level=info msg="*****connected to postgres db*******" File=flash/vendor/bitbucket.org Line=157
time="2022-11-22T11:51:39.627820586Z" level=info msg="flash db exists:true" File=flash/vendor/bitbucket.org Line=214
time="2022-11-22T11:51:39.633072163Z" level=info msg="Connected to flash db" File=flash/vendor/bitbucket.org Line=191
time="2022-11-22T11:51:39.633192644Z" level=info msg="Success conecting to metadata store" File=flash/vendor/bitbucket.org Line=194
time="2022-11-22T11:51:39.633339553Z" level=info msg="logiq Database opened at /flash/db/logiq.db" File=flash/sqlite3/client.go Line=37
time="2022-11-22T11:51:39.635878637Z" level=info msg="logiq Database opened at /flash/db/logiq.db" File=flash/sqlite3/client.go Line=61
time="2022-11-22T11:51:39.636567027Z" level=info msg="Starting parser watcher" File=flash/syslogparser/watcher/watcher.go Line=179
2022/11/22 11:51:39 profile: memory profiling enabled (rate 4096), /tmp/profile4273460599/mem.pprof
time="2022-11-22T11:51:39.639878897Z" level=info msg="Parsing and validating flash config" File=flash/flashserver/flashserver.go Line=329
time="2022-11-22T11:51:39.644920209Z" level=info msg="\noptions:\n\n    ca: \"/flash/certs/ca.crt\"\n\n    cert: \"/flash/certs/syslog.crt\"\n\n    key: \"/flash/certs/syslog.key\"\n\n    host: 0.0.0.0\n\npartitions:\n\n  -\n\n    name: p_scheme\n\n    fields:\n\n      - namespace\n\n      - appname\n\n      - year\n\n      - month\n\n      - day\n\ncredentials:\n\n  -\n\n    name: logiq\n\n    s3:\n\n\n\n      secret_key: logiq_secret\n\n      access_key: logiq_access\n\n\n\ndestinations:\n\n  -\n\n    name: default_log_store\n\n    partition: p_scheme\n\n    s3:\n\n      bucket: logiq\n\n\n\n      endpoint: http://s3-gateway:9000\n\n\n\n      credential: logiq\n\nrules:\n\n  -\n\n    destination: default_log_store\n" File=flash/configparser/configparser.go Line=181
time="2022-11-22T11:51:39.650158973Z" level=info msg="Validated configuration file" File=flash/configparser/configparser.go Line=206
time="2022-11-22T11:51:39.652585257Z" level=info msg="map[default_log_store:S3:Bucket(logiq) Prefix() Credential(logiq) Groupings(null)]" File=flash/configparser/config.go Line=112
time="2022-11-22T11:51:39.65266212Z" level=info msg="Processing options" File=flash/flashserver/flashserver.go Line=335
time="2022-11-22T11:51:39.652677702Z" level=info msg="Found ADMIN_EMAIL override in environment"
time="2022-11-22T11:51:39.652688711Z" level=info msg="Found ADMIN_PASSWORD override in environment"
time="2022-11-22T11:51:39.652695317Z" level=warning msg="Missing option: licencefile, setting it to default"
time="2022-11-22T11:51:39.652701346Z" level=warning msg="Missing option: glue_iam_service_role"
time="2022-11-22T11:51:39.652728452Z" level=info msg="Starting command line server" File=flash/flashserver/flashserver.go Line=354
time="2022-11-22T11:51:39.652751773Z" level=info msg="Initializing brokers" File=flash/flashserver/flashserver.go Line=357
time="2022-11-22T11:51:39.652763123Z" level=info msg="Initializing local receiver" File=flash/flashserver/flashserver.go Line=359
time="2022-11-22T11:51:39.652774246Z" level=info msg="Checking if we are the leader" File=flash/flashserver/flashserver.go Line=463
time="2022-11-22T11:51:39.652786404Z" level=info msg="Starting db updates and migrations" File=flash/flashserver/flashserver.go Line=485
time="2022-11-22T11:51:39.65447233Z" level=info msg="Local receiver options" File=flash/flashserver/flashserver.go Line=503
time="2022-11-22T11:51:39.654497218Z" level=info msg="S3: Max partition size: 4194304" File=flash/flashserver/flashserver.go Line=504
time="2022-11-22T11:51:39.654510968Z" level=info msg="S3: GC Interval (ms): 333000" File=flash/flashserver/flashserver.go Line=505
time="2022-11-22T11:51:39.654524607Z" level=info msg="S3: S3ParquetObjects: %!b(bool=true)" File=flash/flashserver/flashserver.go Line=506
time="2022-11-22T11:51:39.65453867Z" level=info msg="S3: Flush notify channel depth: 2000" File=flash/flashserver/flashserver.go Line=507
time="2022-11-22T11:51:39.654552632Z" level=info msg="S3: UploadInterval (ms): 600000" File=flash/flashserver/flashserver.go Line=508
time="2022-11-22T11:51:39.654579199Z" level=info msg="S3: Http timeout (seconds): 120" File=flash/flashserver/flashserver.go Line=509
time="2022-11-22T11:51:39.654610942Z" level=info msg="S3: Upload failure count: 3" File=flash/flashserver/flashserver.go Line=510
time="2022-11-22T11:51:39.654625213Z" level=info msg="Pool and worker options" File=flash/flashserver/flashserver.go Line=511
time="2022-11-22T11:51:39.654639109Z" level=info msg="Channels: 500" File=flash/flashserver/flashserver.go Line=512
time="2022-11-22T11:51:39.654659154Z" level=info msg="ChannelWorkers: 1" File=flash/flashserver/flashserver.go Line=513
time="2022-11-22T11:51:39.65467487Z" level=info msg="GO: Max procs: " File=flash/flashserver/flashserver.go Line=514
time="2022-11-22T11:51:39.654701767Z" level=info msg="Getting license" File=flash/flashserver/flashserver.go Line=362
time="2022-11-22T11:51:39.655671522Z" level=info msg="Initializing metadata service" File=flash/flashserver/flashserver.go Line=404
time="2022-11-22T11:51:39.655701865Z" level=info msg="Initializing localreceiver service" File=flash/flashserver/flashserver.go Line=406
time="2022-11-22T11:51:39.656388644Z" level=info msg="Loaded 0 partitions to cache from last 24 hours" File=flash/partition/localreceiverpartitionsvc.go Line=309
time="2022-11-22T11:51:39.656413441Z" level=info msg="Initializing event processor" File=flash/flashserver/flashserver.go Line=408
time="2022-11-22T11:51:39.656426385Z" level=info msg="Initializing commans" File=flash/flashserver/flashserver.go Line=410
time="2022-11-22T11:51:39.656442472Z" level=info msg="Initializing metascalar" File=flash/flashserver/flashserver.go Line=412
time="2022-11-22T11:51:39.656459432Z" level=info msg="Initializing actuator" File=flash/flashserver/flashserver.go Line=415
time="2022-11-22T11:51:39.656486509Z" level=info msg="Initializing Actuator" File=flash/actuator/actuators.go Line=29
time="2022-11-22T11:51:39.65693893Z" level=info msg="Loading flash configuration from DB" File=flash/flash.go Line=249
time="2022-11-22T11:51:39.658841531Z" level=info msg="Loading Configuration" File=flash/flashconfig/configurationsvc.go Key=SET_READY_OFF_ON_BACKPRESSURE Line=169 Value=false
time="2022-11-22T11:51:39.658866097Z" level=info msg="Loading Configuration" File=flash/flashconfig/configurationsvc.go Key=CONCURRENT_METADATA_WRITES Line=169 Value=50
time="2022-11-22T11:51:39.658880445Z" level=info msg="Loading Configuration" File=flash/flashconfig/configurationsvc.go Key=PS_STREAM_MAX_SIZE Line=169 Value=8000
time="2022-11-22T11:51:39.658889816Z" level=info msg="Loading Configuration" File=flash/flashconfig/configurationsvc.go Key=JBS_SIZE Line=169 Value=30
time="2022-11-22T11:51:39.658897864Z" level=info msg="Loading Configuration" File=flash/flashconfig/configurationsvc.go Key=RECLAIM_OBJECTS_AGE_HOUR Line=169 Value=4
time="2022-11-22T11:51:39.658909456Z" level=info msg="Loading Configuration" File=flash/flashconfig/configurationsvc.go Key=MAX_QUERY_PAGE_SIZE Line=169 Value=200
time="2022-11-22T11:51:39.658917439Z" level=info msg="Loading Configuration" File=flash/flashconfig/configurationsvc.go Key=INGEST_OFF_BACKPRESSURE_THRESHOLD_PERCENT Line=169 Value=100
time="2022-11-22T11:51:39.658925336Z" level=info msg="Loading Configuration" File=flash/flashconfig/configurationsvc.go Key=INGEST_OFF_BACKPRESSURE_WINDOW_SIZE Line=169 Value=12
time="2022-11-22T11:51:39.658934427Z" level=info msg="Loading Configuration" File=flash/flashconfig/configurationsvc.go Key=PS_STREAM_ENABLE Line=169 Value=
time="2022-11-22T11:51:39.658944009Z" level=info msg="Loading Configuration" File=flash/flashconfig/configurationsvc.go Key=METADATA_BATCH_SIZE Line=169 Value=2
time="2022-11-22T11:51:39.658962393Z" level=info msg="Loading Configuration" File=flash/flashconfig/configurationsvc.go Key=CONCURRENT_OBJECT_UPLOADS Line=169 Value=15
time="2022-11-22T11:51:39.658973994Z" level=info msg="Loading Configuration" File=flash/flashconfig/configurationsvc.go Key=METADATA_FLUSH_BACKPRESSURE_THRESHOLD Line=169 Value=28000
time="2022-11-22T11:51:39.659007218Z" level=info msg="Loading Configuration" File=flash/flashconfig/configurationsvc.go Key=PROCESS_TAGS Line=169 Value=Tags
time="2022-11-22T11:51:39.659023943Z" level=info msg="Loading Configuration" File=flash/flashconfig/configurationsvc.go Key=SHARE_QUERY_TTL_IN_DAYS Line=169 Value=30
time="2022-11-22T11:51:39.659038377Z" level=info msg="Loading Configuration" File=flash/flashconfig/configurationsvc.go Key=EP Line=169 Value=2
time="2022-11-22T11:51:39.659060585Z" level=info msg="Loading Configuration" File=flash/flashconfig/configurationsvc.go Key=LPD Line=169 Value=1h
time="2022-11-22T11:51:39.65908227Z" level=info msg="Loading Configuration" File=flash/flashconfig/configurationsvc.go Key=MFP Line=169 Value=6
time="2022-11-22T11:51:39.659102923Z" level=info msg="Loading Configuration" File=flash/flashconfig/configurationsvc.go Key=EDCT Line=169 Value=1000
time="2022-11-22T11:51:39.65912454Z" level=info msg="Loading Configuration" File=flash/flashconfig/configurationsvc.go Key=PS_TOTAL_STREAM_MAX_SIZE Line=169 Value=20000
time="2022-11-22T11:51:39.659140184Z" level=info msg="Loading Configuration" File=flash/flashconfig/configurationsvc.go Key=L_UI_T Line=169 Value=true
time="2022-11-22T11:51:39.659156798Z" level=info msg="Loading Configuration" File=flash/flashconfig/configurationsvc.go Key=PS_CONFIG Line=169 Value=
time="2022-11-22T11:51:39.659167807Z" level=info msg="Loading Configuration" File=flash/flashconfig/configurationsvc.go Key=PQ_BT Line=169 Value=100
time="2022-11-22T11:51:39.659182083Z" level=info msg="Loading Configuration" File=flash/flashconfig/configurationsvc.go Key=EVENT_UPLOAD_WORKERS Line=169 Value=10
time="2022-11-22T11:51:39.659193885Z" level=info msg="Loading Configuration" File=flash/flashconfig/configurationsvc.go Key=UI_QUERY_PARALLELISM Line=169 Value=5
time="2022-11-22T11:51:39.659209277Z" level=info msg="Loading Configuration" File=flash/flashconfig/configurationsvc.go Key=GEO_IP_ENHANCE_FIELDS Line=169 Value=
time="2022-11-22T11:51:39.659223933Z" level=info msg="Loading Configuration" File=flash/flashconfig/configurationsvc.go Key=DEBUG_PL Line=169 Value=false
time="2022-11-22T11:51:39.659251003Z" level=info msg="Loading Configuration" File=flash/flashconfig/configurationsvc.go Key=LOGFLOWF_FILTER_FORWARD_MODE Line=169 Value=false
time="2022-11-22T11:51:39.659265136Z" level=info msg="Loading Configuration" File=flash/flashconfig/configurationsvc.go Key=PQW Line=169 Value=2
time="2022-11-22T11:51:39.65928518Z" level=info msg="Loading Configuration" File=flash/flashconfig/configurationsvc.go Key=METADATA_UPLOAD_WORKERS Line=169 Value=2
time="2022-11-22T11:51:39.659302634Z" level=info msg="Loading Configuration" File=flash/flashconfig/configurationsvc.go Key=PQ_RP Line=169 Value=4
time="2022-11-22T11:51:39.659321953Z" level=info msg="Loading Configuration" File=flash/flashconfig/configurationsvc.go Key=METADATA_BATCH_INTERVAL Line=169 Value=200
time="2022-11-22T11:51:39.659339374Z" level=info msg="Loading Configuration" File=flash/flashconfig/configurationsvc.go Key=APP_NAME_MAPPING Line=169 Value=
time="2022-11-22T11:51:39.65935933Z" level=info msg="Loading Configuration" File=flash/flashconfig/configurationsvc.go Key=PROCESS_ID_MAPPING Line=169 Value=
time="2022-11-22T11:51:39.659378338Z" level=info msg="Loading Configuration" File=flash/flashconfig/configurationsvc.go Key=MUST_INCLUDE_FACETS Line=169 Value=
time="2022-11-22T11:51:39.659406966Z" level=info msg="Loading Configuration" File=flash/flashconfig/configurationsvc.go Key=V3_META_PREFIX Line=169 Value=false
time="2022-11-22T11:51:39.65941925Z" level=info msg="Loading Configuration" File=flash/flashconfig/configurationsvc.go Key=NAMESPACE_MAPPING Line=169 Value=
time="2022-11-22T11:51:39.659432702Z" level=info msg="Loading Configuration" File=flash/flashconfig/configurationsvc.go Key=HOST_NAME_MAPPING Line=169 Value=
time="2022-11-22T11:51:39.659457505Z" level=info msg="Patching Configuration" Backend=s3 File=flash/flashserver/flashserver.go Line=313
time="2022-11-22T11:51:39.678715469Z" level=info msg="Staring server context" File=flash/flash.go Line=256
time="2022-11-22T11:51:39.678748557Z" level=info msg="ready:true" File=flash/flash.go Line=257
time="2022-11-22T11:51:39.678760659Z" level=info msg="Node can continue" File=flash/flash.go Line=261
time="2022-11-22T11:51:39.678856781Z" level=info msg="Starting GRPC server" File=flash/flashserver/flashserver.go Line=184
time="2022-11-22T11:51:39.678903272Z" level=error msg="Warning not used token, token=abcxyz" File=flash/flashml/init.go Line=62
time="2022-11-22T11:51:39.678908193Z" level=info msg="Starting license manager" File=flash/flashserver/flashserver.go Line=189
time="2022-11-22T11:51:39.678999645Z" level=info msg="IngestNode:false ApiNode:false CombinedNode:false SyncNode:false" File=flash/flashserver/flashserver.go Line=192
time="2022-11-22T11:51:39.679042386Z" level=info msg="Initializing event processor" File=flash/flashserver/flashserver.go Line=232
time="2022-11-22T11:51:39.679077623Z" level=info msg="License Manager doing license test" File=flash/flashserver/flashserver.go Line=246
time="2022-11-22T11:51:39.679248167Z" level=error msg="Warning not used token, token= $1" File=flash/flashml/init.go Line=62
time="2022-11-22T11:51:39.679301835Z" level=error msg="Warning not used token, token=$1 " File=flash/flashml/init.go Line=62
time="2022-11-22T11:51:39.679368815Z" level=error msg="Warning not used token, token='" File=flash/flashml/init.go Line=62
time="2022-11-22T11:51:39.679366778Z" level=warning msg="Default Event Rules active set to 0" File=flash/event_processor/event_processor.go Line=1477
time="2022-11-22T11:51:39.679788596Z" level=error msg="Warning not used token, token='" File=flash/flashml/init.go Line=62
time="2022-11-22T11:51:39.680753233Z" level=error msg="Warning not used token, token=\\\"" File=flash/flashml/init.go Line=62
time="2022-11-22T11:51:39.680818809Z" level=error msg="Warning not used token, token=\\\"" File=flash/flashml/init.go Line=62
time="2022-11-22T11:51:39.6808992Z" level=error msg="Warning not used token, token=$1 $2 " File=flash/flashml/init.go Line=62
time="2022-11-22T11:51:39.680963136Z" level=error msg="Warning not used token, token= $1 " File=flash/flashml/init.go Line=62
time="2022-11-22T11:51:39.681054487Z" level=error msg="Warning not used token, token=$1 $2" File=flash/flashml/init.go Line=62
time="2022-11-22T11:51:39.681104233Z" level=error msg="Warning not used token, token=$1 $2" File=flash/flashml/init.go Line=62
time="2022-11-22T11:51:39.685073966Z" level=error msg="Warning not used token, token=$1 $2" File=flash/flashml/init.go Line=62
time="2022-11-22T11:51:39.685172078Z" level=error msg="Warning not used token, token=$1 $2" File=flash/flashml/init.go Line=62
time="2022-11-22T11:51:39.685265551Z" level=error msg="Warning not used token, token=$1 $2" File=flash/flashml/init.go Line=62
time="2022-11-22T11:51:39.685805388Z" level=error msg="Warning not used token, token=  " File=flash/flashml/init.go Line=62
time="2022-11-22T11:51:39.68586172Z" level=error msg="Warning not used token, token=abcxyz" File=flash/flashml/init.go Line=62
time="2022-11-22T11:51:39.686153645Z" level=error msg="Warning not used token, token=abcxyz" File=flash/flashml/init.go Line=62
time="2022-11-22T11:51:39.686611925Z" level=error msg="Warning not used token, token=abcxyz" File=flash/flashml/init.go Line=62
time="2022-11-22T11:51:39.689653601Z" level=error msg="Warning not used token, token= $1 " File=flash/flashml/init.go Line=62
time="2022-11-22T11:51:39.689818061Z" level=error msg="Warning not used token, token=abcxyz" File=flash/flashml/init.go Line=62
time="2022-11-22T11:51:39.693758344Z" level=error msg="Warning not used token, token=abcxyz" File=flash/flashml/init.go Line=62
time="2022-11-22T11:51:39.694311136Z" level=error msg="Warning not used token, token=abcxyz" File=flash/flashml/init.go Line=62
time="2022-11-22T11:51:39.70612978Z" level=error msg="Warning not used token, token=abcxyz" File=flash/flashml/init.go Line=62
time="2022-11-22T11:51:39.706196291Z" level=error msg="Warning not used token, token= " File=flash/flashml/init.go Line=62
time="2022-11-22T11:51:39.706284115Z" level=error msg="Warning not used token, token=$1" File=flash/flashml/init.go Line=62
time="2022-11-22T11:51:39.706332231Z" level=error msg="Warning not used token, token=$1" File=flash/flashml/init.go Line=62
createDefaultPs
time="2022-11-22T11:51:39.715001147Z" level=info msg="Running pending tasks" File=flash/tasks/task.go Line=114
time="2022-11-22T11:51:39.716073563Z" level=info msg="Fetched pending tasks from db" File=flash/tasks/task.go Line=117 tasksCount=0
time="2022-11-22T11:51:39.71609799Z" level=info msg="Starting Stats Reporter" File=flash/prometheus/prommetrics/statsreporter.go Line=55
time="2022-11-22T11:51:39.717689464Z" level=info msg="Started Logflow services" File=flash/flash.go Line=286
time="2022-11-22T11:51:39.717720302Z" level=info msg="InitCronJobs - logflowEnabled is: true" File=flash/triggers/trigger.go Line=304
time="2022-11-22T11:51:39.717758146Z" level=info msg="Jobs scheduled" File=flash/triggers/trigger.go Line=321

LLLLLLLLLLL                   OOOOOOOOO              GGGGGGGGGGGGG IIIIIIIIII      QQQQQQQQQ                             AAA                IIIIIIIIII
L:::::::::L                 OO:::::::::OO         GGG::::::::::GGG I::::::::I    QQ:::::::::QQ                          A:::A               I::::::::I
L:::::::::L               OO:::::::::::::OO     GG::::::::::::::GG I::::::::I  QQ:::::::::::::QQ                       A:::::A              I::::::::I
LL:::::::LL              O:::::::OOO:::::::O   G:::::GGGGGGGG::::G II::::::II Q:::::::QQQ:::::::Q                     A:::::::A             II::::::II
  L:::::L                O::::::O   O::::::O  G:::::G       GGGGGG   I::::I   Q::::::q   Q::::::Q                    A:::::::::A              I::::I  
  L:::::L                O:::::O     O:::::O G:::::G                 I::::I   Q:::::Q     Q:::::Q                   A:::::A:::::A             I::::I  
  L:::::L                O:::::O     O:::::O G:::::G                 I::::I   Q:::::Q     Q:::::Q                  A:::::A A:::::A            I::::I  
  L:::::L                O:::::O     O:::::O G:::::G    GGGGGGGGGG   I::::I   Q:::::Q     Q:::::Q                 A:::::A   A:::::A           I::::I  
  L:::::L                O:::::O     O:::::O G:::::G    G::::::::G   I::::I   Q:::::Q     Q:::::Q                A:::::A     A:::::A          I::::I  
  L:::::L                O:::::O     O:::::O G:::::G    GGGGG::::G   I::::I   Q:::::Q     Q:::::Q               A:::::AAAAAAAAA:::::A         I::::I  
  L:::::L                O:::::O     O:::::O G:::::G        G::::G   I::::I   Q:::::Q     Q:::::q              A:::::::::::::::::::::A        I::::I  
  L:::::L         LLLLLL O::::::O   O::::::O  G:::::G       G::::G   I::::I   Q::::::Q   Q::::::Q             A:::::AAAAAAAAAAAAA:::::A       I::::I  
LL:::::::LLLLLLLLL:::::L O:::::::OOO:::::::O   G:::::GGGGGGGG::::G II::::::II Q:::::::QQQ:::::::Q            A:::::A             A:::::A    II::::::II
L::::::::::::::::::::::L  OO:::::::::::::OO     GG:::::::::::::::G I::::::::I  QQ::::::::::::::Q   .::::.   A:::::A               A:::::A   I::::::::I
L::::::::::::::::::::::L    OO:::::::::OO         GGG::::::GGG:::G I::::::::I    QQ:::::::::::Q    .::::.  A:::::A                 A:::::A  I::::::::I
LLLLLLLLLLLLLLLLLLLLLLLL      OOOOOOOOO              GGGGGG   GGGG IIIIIIIIII      QQQQQQQQQQ      .::::. AAAAAAA                   AAAAAAA IIIIIIIIII
                                                                                       QQQQQQQ                                                   
                                                                                            QQQ
time="2022-11-22T11:51:39.717796849Z" level=info msg="All services are up and running" File=flash/flash.go Line=300
Flash started as a Query Node
time="2022-11-22T11:51:44.718599295Z" level=info msg="Initializing query service" File=flash/flash.go Line=333
deleteEventRule msg rec:  test04__e1005e
deleteEventRule msg rec:  test02__e1002e
Reloading License 
Reloading License 
Reloading License 
